<?xml version="1.0" encoding="UTF-8"?>
<robot generator="Robot 7.0 (Python 3.12.3 on win32)" generated="2024-04-29T11:48:07.130562" rpa="false" schemaversion="5">
<suite id="s1" name="Tests" source="D:\Python Automation Framework\PythonFramework\RobotFramework\tests">
<suite id="s1-s1" name="testDemo4" source="D:\Python Automation Framework\PythonFramework\RobotFramework\tests\testDemo4.robot">
<test id="s1-s1-t1" name="Select the Form and Navigate to child window" line="20">
<kw name="open the browser with login page url" owner="Generic" type="SETUP">
<kw name="Create Webdriver" owner="SeleniumLibrary">
<msg time="2024-04-29T11:48:07.773200" level="INFO">Creating an instance of the Chrome WebDriver.</msg>
<arg>Chrome</arg>
<doc>Creates an instance of Selenium WebDriver.</doc>
<status status="PASS" start="2024-04-29T11:48:07.773200" elapsed="6.494974"/>
</kw>
<kw name="Go To" owner="SeleniumLibrary">
<msg time="2024-04-29T11:48:14.279544" level="INFO">Opening url 'https://rahulshettyacademy.com/loginpagePractise/'</msg>
<arg>${url}</arg>
<doc>Navigates the current browser window to the provided ``url``.</doc>
<status status="PASS" start="2024-04-29T11:48:14.275335" elapsed="4.565047"/>
</kw>
<status status="PASS" start="2024-04-29T11:48:07.768749" elapsed="11.073046"/>
</kw>
<kw name="Fill the Login Details and validate Login Form">
<kw name="Input Text" owner="SeleniumLibrary">
<msg time="2024-04-29T11:48:18.849419" level="INFO">Typing text 'rahulshettyacademy' into text field 'id:username'.</msg>
<arg>id:username</arg>
<arg>${username}</arg>
<doc>Types the given ``text`` into the text field identified by ``locator``.</doc>
<status status="PASS" start="2024-04-29T11:48:18.846200" elapsed="0.584019"/>
</kw>
<kw name="Input Password" owner="SeleniumLibrary">
<msg time="2024-04-29T11:48:19.432211" level="INFO">Typing password into text field 'id:password'.</msg>
<msg time="2024-04-29T11:48:19.577915" level="INFO">Temporally setting log level to: NONE</msg>
<arg>id:password</arg>
<arg>${password}</arg>
<doc>Types the given password into the text field identified by ``locator``.</doc>
<status status="PASS" start="2024-04-29T11:48:19.431710" elapsed="0.561300"/>
</kw>
<kw name="Click Element" owner="SeleniumLibrary">
<msg time="2024-04-29T11:48:19.994894" level="INFO">Clicking element 'css:input[value='user']'.</msg>
<arg>css:input[value='user']</arg>
<doc>Click the element identified by ``locator``.</doc>
<status status="PASS" start="2024-04-29T11:48:19.993521" elapsed="0.372539"/>
</kw>
<kw name="Wait Until Element Is Visible" owner="SeleniumLibrary">
<arg>css:.modal-body</arg>
<doc>Waits until the element ``locator`` is visible.</doc>
<status status="PASS" start="2024-04-29T11:48:20.366557" elapsed="0.347954"/>
</kw>
<kw name="Click Button" owner="SeleniumLibrary">
<msg time="2024-04-29T11:48:20.715012" level="INFO">Clicking button 'id:okayBtn'.</msg>
<arg>id:okayBtn</arg>
<doc>Clicks the button identified by ``locator``.</doc>
<status status="PASS" start="2024-04-29T11:48:20.714511" elapsed="0.199798"/>
</kw>
<kw name="Click Button" owner="SeleniumLibrary">
<msg time="2024-04-29T11:48:20.915358" level="INFO">Clicking button 'id:okayBtn'.</msg>
<arg>id:okayBtn</arg>
<doc>Clicks the button identified by ``locator``.</doc>
<status status="PASS" start="2024-04-29T11:48:20.914901" elapsed="0.134086"/>
</kw>
<kw name="Wait Until Element Is Not Visible" owner="SeleniumLibrary">
<arg>css:.modal-body</arg>
<doc>Waits until the element ``locator`` is not visible.</doc>
<status status="PASS" start="2024-04-29T11:48:21.049486" elapsed="0.044229"/>
</kw>
<kw name="Select From List By Value" owner="SeleniumLibrary">
<msg time="2024-04-29T11:48:21.094715" level="INFO">Selecting options from selection list 'css:select[class='form-control']' by value teach.</msg>
<arg>css:select[class='form-control']</arg>
<arg>teach</arg>
<doc>Selects options from selection list ``locator`` by ``values``.</doc>
<status status="PASS" start="2024-04-29T11:48:21.094214" elapsed="0.247343"/>
</kw>
<kw name="Select Checkbox" owner="SeleniumLibrary">
<msg time="2024-04-29T11:48:21.342817" level="INFO">Selecting checkbox 'css:#terms'.</msg>
<arg>css:#terms</arg>
<doc>Selects the checkbox identified by ``locator``.</doc>
<status status="PASS" start="2024-04-29T11:48:21.341819" elapsed="0.162339"/>
</kw>
<kw name="Checkbox Should Be Selected" owner="SeleniumLibrary">
<msg time="2024-04-29T11:48:21.506067" level="INFO">Verifying checkbox 'id:terms' is selected.</msg>
<arg>id:terms</arg>
<doc>Verifies checkbox ``locator`` is selected/checked.</doc>
<status status="PASS" start="2024-04-29T11:48:21.505570" elapsed="0.114937"/>
</kw>
<arg>${user_name}</arg>
<arg>${valid_password}</arg>
<status status="PASS" start="2024-04-29T11:48:18.843503" elapsed="2.777004"/>
</kw>
<kw name="Close existing Browser session" owner="Generic" type="TEARDOWN">
<kw name="Close Browser" owner="SeleniumLibrary">
<doc>Closes the current browser.</doc>
<status status="PASS" start="2024-04-29T11:48:21.623251" elapsed="2.781367"/>
</kw>
<status status="PASS" start="2024-04-29T11:48:21.621648" elapsed="2.783436"/>
</kw>
<tag>SMOKE</tag>
<status status="PASS" start="2024-04-29T11:48:07.767470" elapsed="16.637614"/>
</test>
<test id="s1-s1-t2" name="Validate Child window Functionality" line="23">
<kw name="open the browser with login page url" owner="Generic" type="SETUP">
<kw name="Create Webdriver" owner="SeleniumLibrary">
<msg time="2024-04-29T11:48:24.407107" level="INFO">Creating an instance of the Chrome WebDriver.</msg>
<arg>Chrome</arg>
<doc>Creates an instance of Selenium WebDriver.</doc>
<status status="PASS" start="2024-04-29T11:48:24.407107" elapsed="3.178512"/>
</kw>
<kw name="Go To" owner="SeleniumLibrary">
<msg time="2024-04-29T11:48:27.586618" level="INFO">Opening url 'https://rahulshettyacademy.com/loginpagePractise/'</msg>
<arg>${url}</arg>
<doc>Navigates the current browser window to the provided ``url``.</doc>
<status status="PASS" start="2024-04-29T11:48:27.586119" elapsed="1.788988"/>
</kw>
<status status="PASS" start="2024-04-29T11:48:24.406109" elapsed="4.973236"/>
</kw>
<kw name="Select the link for Child Window">
<kw name="Click Element" owner="SeleniumLibrary">
<msg time="2024-04-29T11:48:29.382385" level="INFO">Clicking element 'css:.blinkingText'.</msg>
<arg>css:.blinkingText</arg>
<doc>Click the element identified by ``locator``.</doc>
<status status="PASS" start="2024-04-29T11:48:29.381763" elapsed="1.617597"/>
</kw>
<kw name="Sleep" owner="BuiltIn">
<msg time="2024-04-29T11:48:36.001098" level="INFO">Slept 5 seconds.</msg>
<arg>5</arg>
<doc>Pauses the test executed for the given time.</doc>
<status status="PASS" start="2024-04-29T11:48:30.999860" elapsed="5.001736"/>
</kw>
<status status="PASS" start="2024-04-29T11:48:29.380609" elapsed="6.622397"/>
</kw>
<kw name="Verify User is switched to Child Window">
<kw name="Switch Window" owner="SeleniumLibrary">
<arg>NEW</arg>
<doc>Switches to browser window matching ``locator``.</doc>
<status status="PASS" start="2024-04-29T11:48:36.011164" elapsed="0.074066"/>
</kw>
<kw name="Element Text Should Be" owner="SeleniumLibrary">
<msg time="2024-04-29T11:48:36.091733" level="INFO">Verifying element 'css:div[class='inner-box'] h1' contains exact text 'DOCUMENTS REQUEST'.</msg>
<arg>css:div[class='inner-box'] h1</arg>
<arg>DOCUMENTS REQUEST</arg>
<doc>Verifies that element ``locator`` contains exact the text ``expected``.</doc>
<status status="PASS" start="2024-04-29T11:48:36.087238" elapsed="0.091019"/>
</kw>
<status status="PASS" start="2024-04-29T11:48:36.006993" elapsed="0.171761"/>
</kw>
<kw name="Grab Email id in the child window">
<kw name="Get Text" owner="SeleniumLibrary">
<msg time="2024-04-29T11:48:36.261278" level="INFO">${text} = Please email us at mentor@rahulshettyacademy.com with below template to receive response</msg>
<var>${text}</var>
<arg>css:.im-para.red</arg>
<doc>Returns the text value of the element identified by ``locator``.</doc>
<status status="PASS" start="2024-04-29T11:48:36.180172" elapsed="0.081106"/>
</kw>
<kw name="Split String" owner="String">
<msg time="2024-04-29T11:48:36.264274" level="INFO">@{words} = [ Please email us  |  mentor@rahulshettyacademy.com with below templ | e to receive response ]</msg>
<var>@{words}</var>
<arg>${text}</arg>
<arg>at</arg>
<doc>Splits the ``string`` using ``separator`` as a delimiter string.</doc>
<status status="PASS" start="2024-04-29T11:48:36.262274" elapsed="0.002000"/>
</kw>
<kw name="Get From List" owner="Collections">
<msg time="2024-04-29T11:48:36.265773" level="INFO">${text_split} =  mentor@rahulshettyacademy.com with below templ</msg>
<var>${text_split}</var>
<arg>${words}</arg>
<arg>1</arg>
<doc>Returns the value specified with an ``index`` from ``list``.</doc>
<status status="PASS" start="2024-04-29T11:48:36.264773" elapsed="0.001503"/>
</kw>
<kw name="Log" owner="BuiltIn">
<msg time="2024-04-29T11:48:36.267462" level="INFO"> mentor@rahulshettyacademy.com with below templ</msg>
<arg>${text_split}</arg>
<doc>Logs the given message with the given level.</doc>
<status status="PASS" start="2024-04-29T11:48:36.266957" elapsed="0.001000"/>
</kw>
<kw name="Split String" owner="String">
<msg time="2024-04-29T11:48:36.270562" level="INFO">@{words_2} = [ mentor@rahulshettyacademy.com | with | below | templ ]</msg>
<var>@{words_2}</var>
<arg>${text_split}</arg>
<doc>Splits the ``string`` using ``separator`` as a delimiter string.</doc>
<status status="PASS" start="2024-04-29T11:48:36.268457" elapsed="0.002607"/>
</kw>
<kw name="Get From List" owner="Collections">
<msg time="2024-04-29T11:48:36.273308" level="INFO">${email} = mentor@rahulshettyacademy.com</msg>
<var>${email}</var>
<arg>${words_2}</arg>
<arg>0</arg>
<doc>Returns the value specified with an ``index`` from ``list``.</doc>
<status status="PASS" start="2024-04-29T11:48:36.272059" elapsed="0.001620"/>
</kw>
<kw name="Set Global Variable" owner="BuiltIn">
<msg time="2024-04-29T11:48:36.276261" level="INFO">${email} = mentor@rahulshettyacademy.com</msg>
<arg>${email}</arg>
<doc>Makes a variable available globally in all tests and suites.</doc>
<status status="PASS" start="2024-04-29T11:48:36.274174" elapsed="0.002087"/>
</kw>
<status status="PASS" start="2024-04-29T11:48:36.179496" elapsed="0.096765"/>
</kw>
<kw name="Switch to parent window and enter email id">
<kw name="Switch Window" owner="SeleniumLibrary">
<arg>MAIN</arg>
<doc>Switches to browser window matching ``locator``.</doc>
<status status="PASS" start="2024-04-29T11:48:36.278259" elapsed="0.050363"/>
</kw>
<kw name="Title Should Be" owner="SeleniumLibrary">
<msg time="2024-04-29T11:48:36.432051" level="INFO">Page title is 'LoginPage Practise | Rahul Shetty Academy'.</msg>
<arg>LoginPage Practise | Rahul Shetty Academy</arg>
<doc>Verifies that the current page title equals ``title``.</doc>
<status status="PASS" start="2024-04-29T11:48:36.329123" elapsed="0.103310"/>
</kw>
<kw name="Input Text" owner="SeleniumLibrary">
<msg time="2024-04-29T11:48:36.433619" level="INFO">Typing text 'mentor@rahulshettyacademy.com' into text field 'id:username'.</msg>
<arg>id:username</arg>
<arg>${email}</arg>
<doc>Types the given ``text`` into the text field identified by ``locator``.</doc>
<status status="PASS" start="2024-04-29T11:48:36.433028" elapsed="0.493430"/>
</kw>
<status status="PASS" start="2024-04-29T11:48:36.276765" elapsed="0.650298"/>
</kw>
<kw name="Close existing Browser session" owner="Generic" type="TEARDOWN">
<kw name="Close Browser" owner="SeleniumLibrary">
<doc>Closes the current browser.</doc>
<status status="PASS" start="2024-04-29T11:48:36.929064" elapsed="2.933124"/>
</kw>
<status status="PASS" start="2024-04-29T11:48:36.927564" elapsed="2.934624"/>
</kw>
<tag>NEWFEATURE</tag>
<status status="PASS" start="2024-04-29T11:48:24.405084" elapsed="15.457104"/>
</test>
<doc>To validate login form</doc>
<status status="PASS" start="2024-04-29T11:48:07.262999" elapsed="32.600271"/>
</suite>
<status status="PASS" start="2024-04-29T11:48:07.181147" elapsed="32.683122"/>
</suite>
<statistics>
<total>
<stat pass="2" fail="0" skip="0">All Tests</stat>
</total>
<tag>
<stat pass="1" fail="0" skip="0">NEWFEATURE</stat>
<stat pass="1" fail="0" skip="0">SMOKE</stat>
</tag>
<suite>
<stat pass="2" fail="0" skip="0" id="s1" name="Tests">Tests</stat>
<stat pass="2" fail="0" skip="0" id="s1-s1" name="testDemo4">Tests.testDemo4</stat>
</suite>
</statistics>
<errors>
</errors>
</robot>
