<?xml version="1.0" encoding="UTF-8"?>
<robot generator="Robot 7.0 (Python 3.12.3 on win32)" generated="2024-05-03T21:21:22.742338" rpa="false" schemaversion="5">
<suite id="s1" name="Tests" source="D:\Python Automation Framework\PythonFramework\RobotFramework\tests">
<suite id="s1-s1" name="PracticeProjectUITest" source="D:\Python Automation Framework\PythonFramework\RobotFramework\tests\PracticeProjectUITest">
<suite id="s1-s1-s1" name="testDemo5" source="D:\Python Automation Framework\PythonFramework\RobotFramework\tests\PracticeProjectUITest\testDemo5.robot">
<test id="s1-s1-s1-t1" name="Invalid password" line="15">
<kw name="Validate Unsuccessful login">
<kw name="open the browser with login page url">
<kw name="Create Webdriver" owner="SeleniumLibrary">
<msg time="2024-05-03T21:21:23.097633" level="INFO">Creating an instance of the Chrome WebDriver.</msg>
<arg>Chrome</arg>
<doc>Creates an instance of Selenium WebDriver.</doc>
<status status="PASS" start="2024-05-03T21:21:23.097633" elapsed="2.715372"/>
</kw>
<kw name="Go To" owner="SeleniumLibrary">
<msg time="2024-05-03T21:21:25.813978" level="INFO">Opening url 'https://rahulshettyacademy.com/loginpagePractise/'</msg>
<arg>https://rahulshettyacademy.com/loginpagePractise/</arg>
<doc>Navigates the current browser window to the provided ``url``.</doc>
<status status="PASS" start="2024-05-03T21:21:25.813506" elapsed="0.709404"/>
</kw>
<status status="PASS" start="2024-05-03T21:21:23.095621" elapsed="3.428292"/>
</kw>
<kw name="Fill the login form">
<kw name="Input Text" owner="SeleniumLibrary">
<msg time="2024-05-03T21:21:26.526605" level="INFO">Typing text 'rahulshetty' into text field 'id:username'.</msg>
<arg>id:username</arg>
<arg>${username}</arg>
<doc>Types the given ``text`` into the text field identified by ``locator``.</doc>
<status status="PASS" start="2024-05-03T21:21:26.525470" elapsed="1.107449"/>
</kw>
<kw name="Input Password" owner="SeleniumLibrary">
<msg time="2024-05-03T21:21:27.634000" level="INFO">Typing password into text field 'id:password'.</msg>
<msg time="2024-05-03T21:21:27.766106" level="INFO">Temporally setting log level to: NONE</msg>
<arg>id:password</arg>
<arg>${password}</arg>
<doc>Types the given password into the text field identified by ``locator``.</doc>
<status status="PASS" start="2024-05-03T21:21:27.633500" elapsed="0.293301"/>
</kw>
<kw name="Click Button" owner="SeleniumLibrary">
<msg time="2024-05-03T21:21:27.928077" level="INFO">Clicking button 'id:signInBtn'.</msg>
<arg>id:signInBtn</arg>
<doc>Clicks the button identified by ``locator``.</doc>
<status status="PASS" start="2024-05-03T21:21:27.927578" elapsed="0.206808"/>
</kw>
<arg>${username}</arg>
<arg>${password}</arg>
<status status="PASS" start="2024-05-03T21:21:26.524410" elapsed="1.610476"/>
</kw>
<kw name="Wait until it checks and display error message">
<kw name="Wait Until Element Is Visible" owner="SeleniumLibrary">
<arg>${Error_Message_Login}</arg>
<doc>Waits until the element ``locator`` is visible.</doc>
<status status="PASS" start="2024-05-03T21:21:28.135767" elapsed="2.289771"/>
</kw>
<status status="PASS" start="2024-05-03T21:21:28.135268" elapsed="2.290885"/>
</kw>
<kw name="Verify error message is correct">
<kw name="Get Text" owner="SeleniumLibrary">
<msg time="2024-05-03T21:21:30.626513" level="INFO">${result} = Incorrect username/password.</msg>
<var>${result}</var>
<arg>${Error_Message_Login}</arg>
<doc>Returns the text value of the element identified by ``locator``.</doc>
<status status="PASS" start="2024-05-03T21:21:30.427665" elapsed="0.199349"/>
</kw>
<kw name="Should Be Equal As Strings" owner="BuiltIn">
<arg>${result}</arg>
<arg>Incorrect username/password.</arg>
<doc>Fails if objects are unequal after converting them to strings.</doc>
<status status="PASS" start="2024-05-03T21:21:30.627136" elapsed="0.001662"/>
</kw>
<kw name="Element Text Should Be" owner="SeleniumLibrary">
<msg time="2024-05-03T21:21:30.630051" level="INFO">Verifying element 'css:.alert-danger' contains exact text 'Incorrect username/password.'.</msg>
<arg>${Error_Message_Login}</arg>
<arg>Incorrect username/password.</arg>
<doc>Verifies that element ``locator`` contains exact the text ``expected``.</doc>
<status status="PASS" start="2024-05-03T21:21:30.629549" elapsed="0.055619"/>
</kw>
<status status="PASS" start="2024-05-03T21:21:30.426652" elapsed="0.259103"/>
</kw>
<arg>rahulshetty</arg>
<arg>ploudfg</arg>
<status status="PASS" start="2024-05-03T21:21:23.095621" elapsed="7.590545"/>
</kw>
<kw name="Close Browser" owner="SeleniumLibrary" type="TEARDOWN">
<doc>Closes the current browser.</doc>
<status status="PASS" start="2024-05-03T21:21:30.687921" elapsed="2.707289"/>
</kw>
<status status="PASS" start="2024-05-03T21:21:23.094153" elapsed="10.301557"/>
</test>
<doc>To validate login form</doc>
<status status="PASS" start="2024-05-03T21:21:22.797097" elapsed="10.599189"/>
</suite>
<status status="PASS" start="2024-05-03T21:21:22.795108" elapsed="10.602228"/>
</suite>
<status status="PASS" start="2024-05-03T21:21:22.776293" elapsed="10.623034"/>
</suite>
<statistics>
<total>
<stat pass="1" fail="0" skip="0">All Tests</stat>
</total>
<tag>
</tag>
<suite>
<stat pass="1" fail="0" skip="0" id="s1" name="Tests">Tests</stat>
<stat pass="1" fail="0" skip="0" id="s1-s1" name="PracticeProjectUITest">Tests.PracticeProjectUITest</stat>
<stat pass="1" fail="0" skip="0" id="s1-s1-s1" name="testDemo5">Tests.PracticeProjectUITest.testDemo5</stat>
</suite>
</statistics>
<errors>
</errors>
</robot>
