<?xml version="1.0" encoding="UTF-8"?>
<robot generator="Robot 7.0 (Python 3.12.3 on win32)" generated="2024-05-03T21:20:51.675943" rpa="false" schemaversion="5">
<suite id="s1" name="Tests" source="D:\Python Automation Framework\PythonFramework\RobotFramework\tests">
<suite id="s1-s1" name="PracticeProjectAPITest" source="D:\Python Automation Framework\PythonFramework\RobotFramework\tests\PracticeProjectAPITest">
<suite id="s1-s1-s1" name="e2eAPITest" source="D:\Python Automation Framework\PythonFramework\RobotFramework\tests\PracticeProjectAPITest\e2eAPITest.robot">
<test id="s1-s1-s1-t1" name="Add Book into Library Database" line="33">
<kw name="Create Dictionary" owner="BuiltIn">
<msg time="2024-05-03T21:20:52.012975" level="INFO">&amp;{req_body} = { name=RobotFramework | isbn=824905 | aisle=2352707 | author=Javier Moreno }</msg>
<var>&amp;{req_body}</var>
<arg>name=${book_name}</arg>
<arg>isbn=${isbn}</arg>
<arg>aisle=${aisle}</arg>
<arg>author=${author_name}</arg>
<doc>Creates and returns a dictionary based on the given ``items``.</doc>
<status status="PASS" start="2024-05-03T21:20:52.011171" elapsed="0.001804"/>
</kw>
<kw name="POST" owner="RequestsLibrary">
<msg time="2024-05-03T21:20:53.959803" level="INFO">POST Request : url=https://rahulshettyacademy.com/Library/Addbook.php 
 path_url=/Library/Addbook.php 
 headers={'User-Agent': 'python-requests/2.31.0', 'Accept-Encoding': 'gzip, deflate', 'Accept': '*/*', 'Connection': 'keep-alive', 'Content-Length': '91', 'Content-Type': 'application/json'} 
 body=b'{"name": "RobotFramework", "isbn": "824905", "aisle": "2352707", "author": "Javier Moreno"}' 
 </msg>
<msg time="2024-05-03T21:20:53.960300" level="INFO">POST Response : url=https://rahulshettyacademy.com/Library/Addbook.php 
 status=200, reason=OK 
 headers={'Date': 'Fri, 03 May 2024 15:50:53 GMT', 'Server': 'Apache/2.4.52 (Ubuntu)', 'Access-Control-Allow-Origin': '*', 'Access-Control-Allow-Methods': 'POST', 'Access-Control-Max-Age': '3600', 'Access-Control-Allow-Headers': 'Content-Type, Access-Control-Allow-Headers, Authorization, X-Requested-With', 'Content-Length': '49', 'Keep-Alive': 'timeout=5, max=100', 'Connection': 'Keep-Alive', 'Content-Type': 'application/json;charset=UTF-8'} 
 body={"Msg":"successfully added","ID":"8249052352707"} 
 </msg>
<msg time="2024-05-03T21:20:53.960300" level="INFO">${response} = &lt;Response [200]&gt;</msg>
<var>${response}</var>
<arg>${base_url}/Library/Addbook.php</arg>
<arg>json=${req_body}</arg>
<arg>expected_status=200</arg>
<doc>Sends a POST request.</doc>
<status status="PASS" start="2024-05-03T21:20:52.013319" elapsed="1.947563"/>
</kw>
<kw name="Log" owner="BuiltIn">
<msg time="2024-05-03T21:20:53.962437" level="INFO">{'Msg': 'successfully added', 'ID': '8249052352707'}</msg>
<arg>${response.json()}</arg>
<doc>Logs the given message with the given level.</doc>
<status status="PASS" start="2024-05-03T21:20:53.960882" elapsed="0.001555"/>
</kw>
<kw name="Dictionary Should Contain Key" owner="Collections">
<msg time="2024-05-03T21:20:53.964080" level="INFO">False</msg>
<arg>${response.json()}</arg>
<arg>ID</arg>
<doc>Fails if ``key`` is not found from ``dictionary``.</doc>
<status status="PASS" start="2024-05-03T21:20:53.962938" elapsed="0.001142"/>
</kw>
<kw name="Get From Dictionary" owner="Collections">
<msg time="2024-05-03T21:20:53.965389" level="INFO">${book_id} = 8249052352707</msg>
<var>${book_id}</var>
<arg>${response.json()}</arg>
<arg>ID</arg>
<doc>Returns a value from the given ``dictionary`` based on the given ``key``.</doc>
<status status="PASS" start="2024-05-03T21:20:53.964080" elapsed="0.001309"/>
</kw>
<kw name="Set Global Variable" owner="BuiltIn">
<msg time="2024-05-03T21:20:53.966080" level="INFO">${book_id} = 8249052352707</msg>
<arg>${book_id}</arg>
<doc>Makes a variable available globally in all tests and suites.</doc>
<status status="PASS" start="2024-05-03T21:20:53.965579" elapsed="0.000501"/>
</kw>
<kw name="Log" owner="BuiltIn">
<msg time="2024-05-03T21:20:53.966958" level="INFO">8249052352707</msg>
<arg>${book_id}</arg>
<doc>Logs the given message with the given level.</doc>
<status status="PASS" start="2024-05-03T21:20:53.966459" elapsed="0.000499"/>
</kw>
<kw name="Should Be Equal As Strings" owner="BuiltIn">
<arg>successfully added</arg>
<arg>${response.json()}[Msg]</arg>
<doc>Fails if objects are unequal after converting them to strings.</doc>
<status status="PASS" start="2024-05-03T21:20:53.966958" elapsed="0.001104"/>
</kw>
<kw name="Status Should Be" owner="RequestsLibrary">
<arg>200</arg>
<arg>${response}</arg>
<doc>Fails if response status code is different than the expected.</doc>
<status status="PASS" start="2024-05-03T21:20:53.968563" elapsed="0.001605"/>
</kw>
<tag>API</tag>
<status status="PASS" start="2024-05-03T21:20:52.009097" elapsed="1.961071"/>
</test>
<status status="PASS" start="2024-05-03T21:20:51.765583" elapsed="2.205080"/>
</suite>
<status status="PASS" start="2024-05-03T21:20:51.761580" elapsed="2.210884"/>
</suite>
<status status="PASS" start="2024-05-03T21:20:51.731625" elapsed="2.241339"/>
</suite>
<statistics>
<total>
<stat pass="1" fail="0" skip="0">All Tests</stat>
</total>
<tag>
<stat pass="1" fail="0" skip="0">API</stat>
</tag>
<suite>
<stat pass="1" fail="0" skip="0" id="s1" name="Tests">Tests</stat>
<stat pass="1" fail="0" skip="0" id="s1-s1" name="PracticeProjectAPITest">Tests.PracticeProjectAPITest</stat>
<stat pass="1" fail="0" skip="0" id="s1-s1-s1" name="e2eAPITest">Tests.PracticeProjectAPITest.e2eAPITest</stat>
</suite>
</statistics>
<errors>
</errors>
</robot>
