<?xml version="1.0" encoding="UTF-8"?>
<robot generator="Robot 7.0 (Python 3.12.3 on win32)" generated="2024-05-03T21:20:51.613236" rpa="false" schemaversion="5">
<suite id="s1" name="Tests" source="D:\Python Automation Framework\PythonFramework\RobotFramework\tests">
<suite id="s1-s1" name="PracticeProjectUITest" source="D:\Python Automation Framework\PythonFramework\RobotFramework\tests\PracticeProjectUITest">
<suite id="s1-s1-s1" name="e2eTest" source="D:\Python Automation Framework\PythonFramework\RobotFramework\tests\PracticeProjectUITest\e2eTest.robot">
<test id="s1-s1-s1-t1" name="End to End ecommerce Product validation" line="31">
<kw name="open the browser with the url" owner="Generic" type="SETUP">
<kw name="Create Webdriver" owner="SeleniumLibrary">
<msg time="2024-05-03T21:20:52.292551" level="INFO">Creating an instance of the Chrome WebDriver.</msg>
<arg>${browser_name}</arg>
<doc>Creates an instance of Selenium WebDriver.</doc>
<status status="PASS" start="2024-05-03T21:20:52.292551" elapsed="4.784597"/>
</kw>
<kw name="Go To" owner="SeleniumLibrary">
<msg time="2024-05-03T21:20:57.078438" level="INFO">Opening url 'https://rahulshettyacademy.com/loginpagePractise/'</msg>
<arg>${url}</arg>
<doc>Navigates the current browser window to the provided ``url``.</doc>
<status status="PASS" start="2024-05-03T21:20:57.077935" elapsed="1.567178"/>
</kw>
<status status="PASS" start="2024-05-03T21:20:52.289939" elapsed="6.355672"/>
</kw>
<kw name="Fill the login Form" owner="LandingPage">
<kw name="Input Text" owner="SeleniumLibrary">
<msg time="2024-05-03T21:20:58.652658" level="INFO">Typing text 'rahulshettyacademy' into text field 'id:username'.</msg>
<arg>id:username</arg>
<arg>${username}</arg>
<doc>Types the given ``text`` into the text field identified by ``locator``.</doc>
<status status="PASS" start="2024-05-03T21:20:58.649466" elapsed="0.610125"/>
</kw>
<kw name="Input Password" owner="SeleniumLibrary">
<msg time="2024-05-03T21:20:59.260758" level="INFO">Typing password into text field 'id:password'.</msg>
<msg time="2024-05-03T21:20:59.356029" level="INFO">Temporally setting log level to: NONE</msg>
<arg>id:password</arg>
<arg>${password}</arg>
<doc>Types the given password into the text field identified by ``locator``.</doc>
<status status="PASS" start="2024-05-03T21:20:59.260257" elapsed="0.196457"/>
</kw>
<kw name="Click Button" owner="SeleniumLibrary">
<msg time="2024-05-03T21:20:59.457214" level="INFO">Clicking button 'signInBtn'.</msg>
<arg>signInBtn</arg>
<doc>Clicks the button identified by ``locator``.</doc>
<status status="PASS" start="2024-05-03T21:20:59.456714" elapsed="0.130803"/>
</kw>
<arg>${user_name}</arg>
<arg>${valid_password}</arg>
<status status="PASS" start="2024-05-03T21:20:58.646669" elapsed="0.941399"/>
</kw>
<kw name="Wait until Element is located in the page" owner="ShopPage">
<kw name="Wait Until element passed is located on Page" owner="Generic">
<kw name="Wait Until Element Is Visible" owner="SeleniumLibrary">
<arg>${page_locator}</arg>
<arg>timeout=10</arg>
<doc>Waits until the element ``locator`` is visible.</doc>
<status status="PASS" start="2024-05-03T21:20:59.589597" elapsed="4.117375"/>
</kw>
<arg>${Shop_Page_Load}</arg>
<status status="PASS" start="2024-05-03T21:20:59.589069" elapsed="4.118069"/>
</kw>
<status status="PASS" start="2024-05-03T21:20:59.588068" elapsed="4.119070"/>
</kw>
<kw name="Verify Card titles in the Shop page" owner="ShopPage">
<kw name="Create List" owner="BuiltIn">
<msg time="2024-05-03T21:21:03.709137" level="INFO">@{expectedList} = [ iphone X | Samsung Note 8 | Nokia Edge | Blackberry ]</msg>
<var>@{expectedList}</var>
<arg>iphone X</arg>
<arg>Samsung Note 8</arg>
<arg>Nokia Edge</arg>
<arg>Blackberry</arg>
<doc>Returns a list containing given items.</doc>
<status status="PASS" start="2024-05-03T21:21:03.708636" elapsed="0.002003"/>
</kw>
<kw name="Get WebElements" owner="SeleniumLibrary">
<msg time="2024-05-03T21:21:03.737414" level="INFO">${elements} = [&lt;selenium.webdriver.remote.webelement.WebElement (session="5bf4c8616150249d9f2e77b1fbb82eac", element="f.E665409422DC47F090A48A3B80DC0F66.d.426564528F875400A5C472DC5F7AF1C4.e.63")&gt;, &lt;selenium.webdriv...</msg>
<var>${elements}</var>
<arg>css:.card-title</arg>
<doc>Returns a list of WebElement objects matching the ``locator``.</doc>
<status status="PASS" start="2024-05-03T21:21:03.713961" elapsed="0.023952"/>
</kw>
<kw name="Create List" owner="BuiltIn">
<msg time="2024-05-03T21:21:03.738414" level="INFO">@{actualList} = [ ]</msg>
<var>@{actualList}</var>
<doc>Returns a list containing given items.</doc>
<status status="PASS" start="2024-05-03T21:21:03.737913" elapsed="0.001001"/>
</kw>
<for flavor="IN">
<iter>
<kw name="Log" owner="BuiltIn">
<msg time="2024-05-03T21:21:03.787893" level="INFO">iphone X</msg>
<arg>${element.text}</arg>
<doc>Logs the given message with the given level.</doc>
<status status="PASS" start="2024-05-03T21:21:03.739913" elapsed="0.047980"/>
</kw>
<kw name="Append To List" owner="Collections">
<arg>${actualList}</arg>
<arg>${element.text}</arg>
<doc>Adds ``values`` to the end of ``list``.</doc>
<status status="PASS" start="2024-05-03T21:21:03.788392" elapsed="0.034833"/>
</kw>
<var name="${element}">&lt;selenium.webdriver.remote.webelement.WebElement (session="5bf4c8616150249d9f2e77b1fbb82eac", element="f.E665409422DC47F090A48A3B80DC0F66.d.426564528F875400A5C472DC5F7AF1C4.e.63")&gt;</var>
<status status="PASS" start="2024-05-03T21:21:03.739413" elapsed="0.083812"/>
</iter>
<iter>
<kw name="Log" owner="BuiltIn">
<msg time="2024-05-03T21:21:03.849318" level="INFO">Samsung Note 8</msg>
<arg>${element.text}</arg>
<doc>Logs the given message with the given level.</doc>
<status status="PASS" start="2024-05-03T21:21:03.824086" elapsed="0.025232"/>
</kw>
<kw name="Append To List" owner="Collections">
<arg>${actualList}</arg>
<arg>${element.text}</arg>
<doc>Adds ``values`` to the end of ``list``.</doc>
<status status="PASS" start="2024-05-03T21:21:03.850109" elapsed="0.017348"/>
</kw>
<var name="${element}">&lt;selenium.webdriver.remote.webelement.WebElement (session="5bf4c8616150249d9f2e77b1fbb82eac", element="f.E665409422DC47F090A48A3B80DC0F66.d.426564528F875400A5C472DC5F7AF1C4.e.64")&gt;</var>
<status status="PASS" start="2024-05-03T21:21:03.823562" elapsed="0.043895"/>
</iter>
<iter>
<kw name="Log" owner="BuiltIn">
<msg time="2024-05-03T21:21:03.887047" level="INFO">Nokia Edge</msg>
<arg>${element.text}</arg>
<doc>Logs the given message with the given level.</doc>
<status status="PASS" start="2024-05-03T21:21:03.868604" elapsed="0.018443"/>
</kw>
<kw name="Append To List" owner="Collections">
<arg>${actualList}</arg>
<arg>${element.text}</arg>
<doc>Adds ``values`` to the end of ``list``.</doc>
<status status="PASS" start="2024-05-03T21:21:03.887809" elapsed="0.019022"/>
</kw>
<var name="${element}">&lt;selenium.webdriver.remote.webelement.WebElement (session="5bf4c8616150249d9f2e77b1fbb82eac", element="f.E665409422DC47F090A48A3B80DC0F66.d.426564528F875400A5C472DC5F7AF1C4.e.65")&gt;</var>
<status status="PASS" start="2024-05-03T21:21:03.868107" elapsed="0.039222"/>
</iter>
<iter>
<kw name="Log" owner="BuiltIn">
<msg time="2024-05-03T21:21:03.932562" level="INFO">Blackberry</msg>
<arg>${element.text}</arg>
<doc>Logs the given message with the given level.</doc>
<status status="PASS" start="2024-05-03T21:21:03.907954" elapsed="0.025136"/>
</kw>
<kw name="Append To List" owner="Collections">
<arg>${actualList}</arg>
<arg>${element.text}</arg>
<doc>Adds ``values`` to the end of ``list``.</doc>
<status status="PASS" start="2024-05-03T21:21:03.933090" elapsed="0.049624"/>
</kw>
<var name="${element}">&lt;selenium.webdriver.remote.webelement.WebElement (session="5bf4c8616150249d9f2e77b1fbb82eac", element="f.E665409422DC47F090A48A3B80DC0F66.d.426564528F875400A5C472DC5F7AF1C4.e.66")&gt;</var>
<status status="PASS" start="2024-05-03T21:21:03.907329" elapsed="0.075881"/>
</iter>
<var>${element}</var>
<value>@{elements}</value>
<status status="PASS" start="2024-05-03T21:21:03.738914" elapsed="0.244296"/>
</for>
<kw name="Lists Should Be Equal" owner="Collections">
<msg time="2024-05-03T21:21:03.985080" level="INFO">False</msg>
<arg>${expectedList}</arg>
<arg>${actualList}</arg>
<doc>Fails if given lists are unequal.</doc>
<status status="PASS" start="2024-05-03T21:21:03.984578" elapsed="0.000502"/>
</kw>
<status status="PASS" start="2024-05-03T21:21:03.708136" elapsed="0.277365"/>
</kw>
<kw name="Select the Card" owner="ShopPage">
<kw name="Get WebElements" owner="SeleniumLibrary">
<msg time="2024-05-03T21:21:04.003019" level="INFO">${elements} = [&lt;selenium.webdriver.remote.webelement.WebElement (session="5bf4c8616150249d9f2e77b1fbb82eac", element="f.E665409422DC47F090A48A3B80DC0F66.d.426564528F875400A5C472DC5F7AF1C4.e.63")&gt;, &lt;selenium.webdriv...</msg>
<var>${elements}</var>
<arg>css:.card-title</arg>
<doc>Returns a list of WebElement objects matching the ``locator``.</doc>
<status status="PASS" start="2024-05-03T21:21:03.986559" elapsed="0.016460"/>
</kw>
<kw name="Set Variable" owner="BuiltIn">
<msg time="2024-05-03T21:21:04.004019" level="INFO">${index} = 1</msg>
<var>${index}</var>
<arg>1</arg>
<doc>Returns the given values which can then be assigned to a variables.</doc>
<status status="PASS" start="2024-05-03T21:21:04.003019" elapsed="0.001000"/>
</kw>
<for flavor="IN">
<iter>
<kw name="Exit For Loop If" owner="BuiltIn">
<arg>'${cardName}' == '${element.text}'</arg>
<doc>Stops executing the enclosing FOR loop if the ``condition`` is true.</doc>
<status status="PASS" start="2024-05-03T21:21:04.004546" elapsed="0.021077"/>
</kw>
<kw name="Evaluate" owner="BuiltIn">
<msg time="2024-05-03T21:21:04.031002" level="INFO">${index} = 2</msg>
<var>${index}</var>
<arg>${index} + 1</arg>
<doc>Evaluates the given expression in Python and returns the result.</doc>
<status status="PASS" start="2024-05-03T21:21:04.026721" elapsed="0.004784"/>
</kw>
<var name="${element}">&lt;selenium.webdriver.remote.webelement.WebElement (session="5bf4c8616150249d9f2e77b1fbb82eac", element="f.E665409422DC47F090A48A3B80DC0F66.d.426564528F875400A5C472DC5F7AF1C4.e.63")&gt;</var>
<status status="PASS" start="2024-05-03T21:21:04.004546" elapsed="0.026959"/>
</iter>
<iter>
<kw name="Exit For Loop If" owner="BuiltIn">
<msg time="2024-05-03T21:21:04.051809" level="INFO">Exiting for loop altogether.</msg>
<arg>'${cardName}' == '${element.text}'</arg>
<doc>Stops executing the enclosing FOR loop if the ``condition`` is true.</doc>
<status status="PASS" start="2024-05-03T21:21:04.032502" elapsed="0.019985"/>
</kw>
<kw name="Evaluate" owner="BuiltIn">
<var>${index}</var>
<arg>${index} + 1</arg>
<doc>Evaluates the given expression in Python and returns the result.</doc>
<status status="NOT RUN" start="2024-05-03T21:21:04.052809" elapsed="0.000000"/>
</kw>
<var name="${element}">&lt;selenium.webdriver.remote.webelement.WebElement (session="5bf4c8616150249d9f2e77b1fbb82eac", element="f.E665409422DC47F090A48A3B80DC0F66.d.426564528F875400A5C472DC5F7AF1C4.e.64")&gt;</var>
<status status="PASS" start="2024-05-03T21:21:04.032005" elapsed="0.020804"/>
</iter>
<var>${element}</var>
<value>@{elements}</value>
<status status="PASS" start="2024-05-03T21:21:04.004019" elapsed="0.049289"/>
</for>
<kw name="Click Button" owner="SeleniumLibrary">
<msg time="2024-05-03T21:21:04.053308" level="INFO">Clicking button 'xpath:(//*[@class='card-footer'])[2]/button'.</msg>
<arg>xpath:(//*[@class='card-footer'])[${index}]/button</arg>
<doc>Clicks the button identified by ``locator``.</doc>
<status status="PASS" start="2024-05-03T21:21:04.053308" elapsed="0.127623"/>
</kw>
<arg>Samsung Note 8</arg>
<status status="PASS" start="2024-05-03T21:21:03.986059" elapsed="0.195373"/>
</kw>
<kw name="Add Items To Cart And Checkout" owner="Shop">
<msg time="2024-05-03T21:21:04.237492" level="INFO">Clicking button 'xpath:(//*[@class='card-footer'])[3]/button'.</msg>
<msg time="2024-05-03T21:21:04.415616" level="INFO">Clicking button 'xpath:(//*[@class='card-footer'])[4]/button'.</msg>
<msg time="2024-05-03T21:21:05.889375" level="INFO">Clicking link 'css:li.active a'.</msg>
<arg>${listofProducts}</arg>
<status status="PASS" start="2024-05-03T21:21:04.181932" elapsed="3.703642"/>
</kw>
<kw name="Verify items in the Checkout Page and proceed" owner="CheckoutPage">
<kw name="Click Element" owner="SeleniumLibrary">
<msg time="2024-05-03T21:21:07.888175" level="INFO">Clicking element 'css:.btn-success'.</msg>
<arg>css:.btn-success</arg>
<doc>Click the element identified by ``locator``.</doc>
<status status="PASS" start="2024-05-03T21:21:07.887676" elapsed="0.490891"/>
</kw>
<status status="PASS" start="2024-05-03T21:21:07.886126" elapsed="0.492441"/>
</kw>
<kw name="Enter the Country and select the terms" owner="ConfirmationPage">
<kw name="Input Text" owner="SeleniumLibrary">
<msg time="2024-05-03T21:21:08.380886" level="INFO">Typing text 'India' into text field 'id:country'.</msg>
<arg>id:country</arg>
<arg>${country_name}</arg>
<doc>Types the given ``text`` into the text field identified by ``locator``.</doc>
<status status="PASS" start="2024-05-03T21:21:08.380381" elapsed="1.533521"/>
</kw>
<kw name="Wait Until element passed is located on Page" owner="Generic">
<kw name="Wait Until Element Is Visible" owner="SeleniumLibrary">
<arg>${page_locator}</arg>
<arg>timeout=10</arg>
<doc>Waits until the element ``locator`` is visible.</doc>
<status status="PASS" start="2024-05-03T21:21:09.915246" elapsed="4.807767"/>
</kw>
<arg>//a[text()='${country_name}']</arg>
<status status="PASS" start="2024-05-03T21:21:09.914179" elapsed="4.809335"/>
</kw>
<kw name="Click Element" owner="SeleniumLibrary">
<msg time="2024-05-03T21:21:14.724513" level="INFO">Clicking element '//a[text()='India']'.</msg>
<arg>//a[text()='${country_name}']</arg>
<doc>Click the element identified by ``locator``.</doc>
<status status="PASS" start="2024-05-03T21:21:14.724013" elapsed="0.107299"/>
</kw>
<kw name="Sleep" owner="BuiltIn">
<msg time="2024-05-03T21:21:16.835079" level="INFO">Slept 2 seconds.</msg>
<arg>2</arg>
<doc>Pauses the test executed for the given time.</doc>
<status status="PASS" start="2024-05-03T21:21:14.832135" elapsed="2.002944"/>
</kw>
<kw name="Click Element" owner="SeleniumLibrary">
<msg time="2024-05-03T21:21:16.835079" level="INFO">Clicking element 'css:.checkbox label'.</msg>
<arg>css:.checkbox label</arg>
<doc>Click the element identified by ``locator``.</doc>
<status status="PASS" start="2024-05-03T21:21:16.835079" elapsed="0.044345"/>
</kw>
<arg>${country_name}</arg>
<status status="PASS" start="2024-05-03T21:21:08.379129" elapsed="8.500801"/>
</kw>
<kw name="Purchase the Product and Confirm the Purchase" owner="ConfirmationPage">
<kw name="Click Button" owner="SeleniumLibrary">
<msg time="2024-05-03T21:21:16.882601" level="INFO">Clicking button 'css:.btn-success'.</msg>
<arg>css:.btn-success</arg>
<doc>Clicks the button identified by ``locator``.</doc>
<status status="PASS" start="2024-05-03T21:21:16.882097" elapsed="0.059134"/>
</kw>
<kw name="Page Should Contain" owner="SeleniumLibrary">
<msg time="2024-05-03T21:21:16.958440" level="INFO">Current page contains text 'Success! Thank you! Your order will be delivered in next few weeks :-)'.</msg>
<arg>Success! Thank you! Your order will be delivered in next few weeks :-)</arg>
<doc>Verifies that current page contains ``text``.</doc>
<status status="PASS" start="2024-05-03T21:21:16.941231" elapsed="0.017209"/>
</kw>
<status status="PASS" start="2024-05-03T21:21:16.879930" elapsed="0.079527"/>
</kw>
<kw name="Close existing Browser session" owner="Generic" type="TEARDOWN">
<kw name="Close Browser" owner="SeleniumLibrary">
<doc>Closes the current browser.</doc>
<status status="PASS" start="2024-05-03T21:21:16.959457" elapsed="2.299589"/>
</kw>
<status status="PASS" start="2024-05-03T21:21:16.959457" elapsed="2.299589"/>
</kw>
<tag>REGRESSION</tag>
<status status="PASS" start="2024-05-03T21:20:52.285140" elapsed="26.973906"/>
</test>
<doc>To validate login form</doc>
<status status="PASS" start="2024-05-03T21:20:51.700777" elapsed="27.559390"/>
</suite>
<status status="PASS" start="2024-05-03T21:20:51.696777" elapsed="27.564956"/>
</suite>
<status status="PASS" start="2024-05-03T21:20:51.664704" elapsed="27.598573"/>
</suite>
<statistics>
<total>
<stat pass="1" fail="0" skip="0">All Tests</stat>
</total>
<tag>
<stat pass="1" fail="0" skip="0">REGRESSION</stat>
</tag>
<suite>
<stat pass="1" fail="0" skip="0" id="s1" name="Tests">Tests</stat>
<stat pass="1" fail="0" skip="0" id="s1-s1" name="PracticeProjectUITest">Tests.PracticeProjectUITest</stat>
<stat pass="1" fail="0" skip="0" id="s1-s1-s1" name="e2eTest">Tests.PracticeProjectUITest.e2eTest</stat>
</suite>
</statistics>
<errors>
</errors>
</robot>
