<?xml version="1.0" encoding="UTF-8"?>
<robot generator="Robot 7.0 (Python 3.12.3 on win32)" generated="2024-05-05T17:27:50.779470" rpa="false" schemaversion="5">
<suite id="s1" name="BlazedemoPracticeProject" source="D:\Python Automation Framework\PythonFramework\RobotFramework\tests\BlazedemoPracticeProject">
<suite id="s1-s1" name="ParameterTest" source="D:\Python Automation Framework\PythonFramework\RobotFramework\tests\BlazedemoPracticeProject\ParameterTest.robot">
<test id="s1-s1-t1" name="E2E Blazedemo Parametrised Test for user Harwell Comini with visa and 374283953298940" line="22">
<kw name="Open the browser with the url" type="SETUP">
<kw name="Create Webdriver" owner="SeleniumLibrary">
<msg time="2024-05-05T17:27:51.238455" level="INFO">Creating an instance of the Chrome WebDriver.</msg>
<arg>${browser_name}</arg>
<doc>Creates an instance of Selenium WebDriver.</doc>
<status status="PASS" start="2024-05-05T17:27:51.238455" elapsed="1.844463"/>
</kw>
<kw name="Go To" owner="SeleniumLibrary">
<msg time="2024-05-05T17:27:53.084816" level="INFO">Opening url 'https://blazedemo.com/'</msg>
<arg>${url}</arg>
<doc>Navigates the current browser window to the provided ``url``.</doc>
<status status="PASS" start="2024-05-05T17:27:53.084816" elapsed="1.433996"/>
</kw>
<kw name="Maximize Browser Window" owner="SeleniumLibrary">
<doc>Maximizes current browser window.</doc>
<status status="PASS" start="2024-05-05T17:27:54.521481" elapsed="0.036867"/>
</kw>
<status status="PASS" start="2024-05-05T17:27:51.238455" elapsed="3.319893"/>
</kw>
<kw name="Passenger Details fill up and verification">
<kw name="Page Should Contain" owner="SeleniumLibrary">
<msg time="2024-05-05T17:27:54.577937" level="INFO">Current page contains text 'Welcome to the Simple Travel Agency!'.</msg>
<arg>Welcome to the Simple Travel Agency!</arg>
<doc>Verifies that current page contains ``text``.</doc>
<status status="PASS" start="2024-05-05T17:27:54.558348" elapsed="0.019589"/>
</kw>
<kw name="Select From List By Value" owner="SeleniumLibrary">
<msg time="2024-05-05T17:27:54.577937" level="INFO">Selecting options from selection list '//select[@name="fromPort"]' by value Paris.</msg>
<arg>//select[@name="fromPort"]</arg>
<arg>${Departure_City}</arg>
<doc>Selects options from selection list ``locator`` by ``values``.</doc>
<status status="PASS" start="2024-05-05T17:27:54.577937" elapsed="0.062434"/>
</kw>
<kw name="Select From List By Value" owner="SeleniumLibrary">
<msg time="2024-05-05T17:27:54.660712" level="INFO">Selecting options from selection list '//select[@name="toPort"]' by value London.</msg>
<arg>//select[@name="toPort"]</arg>
<arg>${Destination_City}</arg>
<doc>Selects options from selection list ``locator`` by ``values``.</doc>
<status status="PASS" start="2024-05-05T17:27:54.660712" elapsed="0.109329"/>
</kw>
<kw name="Set Global Variable" owner="BuiltIn">
<msg time="2024-05-05T17:27:54.772257" level="INFO">${Departure_City} = Paris</msg>
<arg>${Departure_City}</arg>
<doc>Makes a variable available globally in all tests and suites.</doc>
<status status="PASS" start="2024-05-05T17:27:54.771758" elapsed="0.000499"/>
</kw>
<kw name="Set Global Variable" owner="BuiltIn">
<msg time="2024-05-05T17:27:54.772257" level="INFO">${Destination_City} = London</msg>
<arg>${Destination_City}</arg>
<doc>Makes a variable available globally in all tests and suites.</doc>
<status status="PASS" start="2024-05-05T17:27:54.772257" elapsed="0.000000"/>
</kw>
<kw name="Click Element" owner="SeleniumLibrary">
<msg time="2024-05-05T17:27:54.775363" level="INFO">Clicking element '//input[@class="btn btn-primary"]'.</msg>
<arg>${FindFlights_Btn}</arg>
<doc>Click the element identified by ``locator``.</doc>
<status status="PASS" start="2024-05-05T17:27:54.774803" elapsed="0.676379"/>
</kw>
<kw name="Page Should Contain" owner="SeleniumLibrary">
<msg time="2024-05-05T17:27:55.468350" level="INFO">Current page contains text 'Flights from Paris to London:'.</msg>
<arg>Flights from ${Departure_City} to ${Destination_City}:</arg>
<doc>Verifies that current page contains ``text``.</doc>
<status status="PASS" start="2024-05-05T17:27:55.453258" elapsed="0.015092"/>
</kw>
<kw name="Get Element Count" owner="SeleniumLibrary">
<msg time="2024-05-05T17:27:55.479287" level="INFO">${rows} = 5</msg>
<var>${rows}</var>
<arg>xpath://table[@class='table']/tbody/tr</arg>
<doc>Returns the number of elements matching ``locator``.</doc>
<status status="PASS" start="2024-05-05T17:27:55.470500" elapsed="0.008787"/>
</kw>
<kw name="Log" owner="BuiltIn">
<msg time="2024-05-05T17:27:55.479287" level="INFO">5</msg>
<arg>${rows}</arg>
<doc>Logs the given message with the given level.</doc>
<status status="PASS" start="2024-05-05T17:27:55.479287" elapsed="0.000000"/>
</kw>
<kw name="Get Element Count" owner="SeleniumLibrary">
<msg time="2024-05-05T17:27:55.495253" level="INFO">${columns} = 6</msg>
<var>${columns}</var>
<arg>xpath://table[@class='table']/tbody/tr[1]/td</arg>
<doc>Returns the number of elements matching ``locator``.</doc>
<status status="PASS" start="2024-05-05T17:27:55.479287" elapsed="0.015966"/>
</kw>
<kw name="Log" owner="BuiltIn">
<msg time="2024-05-05T17:27:55.509091" level="INFO">6</msg>
<arg>${columns}</arg>
<doc>Logs the given message with the given level.</doc>
<status status="PASS" start="2024-05-05T17:27:55.508634" elapsed="0.000677"/>
</kw>
<kw name="Get Text" owner="SeleniumLibrary">
<msg time="2024-05-05T17:27:55.541369" level="INFO">${flight_name} = United Airlines</msg>
<var>${flight_name}</var>
<arg>xpath://table[@class='table']/tbody/tr[2]/td[3]</arg>
<doc>Returns the text value of the element identified by ``locator``.</doc>
<status status="PASS" start="2024-05-05T17:27:55.510775" elapsed="0.030594"/>
</kw>
<kw name="Should Be Equal As Strings" owner="BuiltIn">
<arg>${flight_name}</arg>
<arg>United Airlines</arg>
<doc>Fails if objects are unequal after converting them to strings.</doc>
<status status="PASS" start="2024-05-05T17:27:55.541369" elapsed="0.000000"/>
</kw>
<kw name="Element Text Should Be" owner="SeleniumLibrary">
<msg time="2024-05-05T17:27:55.541369" level="INFO">Verifying element 'xpath:(//table[@class='table'])/tbody/tr[1]/td[3]' contains exact text 'Virgin America'.</msg>
<arg>${First_Flight_Vendor}</arg>
<arg>Virgin America</arg>
<doc>Verifies that element ``locator`` contains exact the text ``expected``.</doc>
<status status="PASS" start="2024-05-05T17:27:55.541369" elapsed="0.040093"/>
</kw>
<kw name="Table Header Should Contain" owner="SeleniumLibrary">
<arg>xpath://table[@class='table']</arg>
<arg>Flight #</arg>
<doc>Verifies table header contains text ``expected``.</doc>
<status status="PASS" start="2024-05-05T17:27:55.582948" elapsed="0.076620"/>
</kw>
<kw name="Table Row Should Contain" owner="SeleniumLibrary">
<arg>xpath://table[@class='table']</arg>
<arg>3</arg>
<arg>9696</arg>
<doc>Verifies that table row contains text ``expected``.</doc>
<status status="PASS" start="2024-05-05T17:27:55.659568" elapsed="0.065314"/>
</kw>
<kw name="Table Column Should Contain" owner="SeleniumLibrary">
<arg>xpath://table[@class='table']</arg>
<arg>6</arg>
<arg>$472.56</arg>
<doc>Verifies table column contains text ``expected``.</doc>
<status status="PASS" start="2024-05-05T17:27:55.725792" elapsed="0.030318"/>
</kw>
<kw name="Table Cell Should Contain" owner="SeleniumLibrary">
<msg time="2024-05-05T17:27:55.819651" level="INFO">Table cell contains 'Lufthansa'.</msg>
<arg>xpath://table[@class='table']</arg>
<arg>6</arg>
<arg>3</arg>
<arg>Lufthansa</arg>
<doc>Verifies table cell contains text ``expected``.</doc>
<status status="PASS" start="2024-05-05T17:27:55.756110" elapsed="0.063541"/>
</kw>
<kw name="Click Element" owner="SeleniumLibrary">
<msg time="2024-05-05T17:27:55.819651" level="INFO">Clicking element 'xpath:(//input[@class="btn btn-small"])[2]'.</msg>
<arg>${Reserve_Page_Btn}</arg>
<doc>Click the element identified by ``locator``.</doc>
<status status="PASS" start="2024-05-05T17:27:55.819651" elapsed="0.635347"/>
</kw>
<kw name="Page Should Contain" owner="SeleniumLibrary">
<msg time="2024-05-05T17:27:56.473825" level="INFO">Current page contains text 'Your flight from TLV to SFO has been reserved.'.</msg>
<arg>Your flight from TLV to SFO has been reserved.</arg>
<doc>Verifies that current page contains ``text``.</doc>
<status status="PASS" start="2024-05-05T17:27:56.456787" elapsed="0.017542"/>
</kw>
<kw name="Input Text" owner="SeleniumLibrary">
<msg time="2024-05-05T17:27:56.475958" level="INFO">Typing text 'Harwell Comini' into text field '//input[@name="inputName"]'.</msg>
<arg>//input[@name="inputName"]</arg>
<arg>${Passenger_Full_Name}</arg>
<doc>Types the given ``text`` into the text field identified by ``locator``.</doc>
<status status="PASS" start="2024-05-05T17:27:56.475453" elapsed="0.106392"/>
</kw>
<kw name="Input Text" owner="SeleniumLibrary">
<msg time="2024-05-05T17:27:56.583052" level="INFO">Typing text '59 Pennsylvania Junction' into text field '//input[@name="address"]'.</msg>
<arg>//input[@name="address"]</arg>
<arg>${Passenger_Address}</arg>
<doc>Types the given ``text`` into the text field identified by ``locator``.</doc>
<status status="PASS" start="2024-05-05T17:27:56.583052" elapsed="0.102224"/>
</kw>
<kw name="Input Text" owner="SeleniumLibrary">
<msg time="2024-05-05T17:27:56.688384" level="INFO">Typing text 'Lexington' into text field '//input[@name="city"]'.</msg>
<arg>//input[@name="city"]</arg>
<arg>${Passenger_City}</arg>
<doc>Types the given ``text`` into the text field identified by ``locator``.</doc>
<status status="PASS" start="2024-05-05T17:27:56.687885" elapsed="0.095447"/>
</kw>
<kw name="Input Text" owner="SeleniumLibrary">
<msg time="2024-05-05T17:27:56.785128" level="INFO">Typing text 'Kentucky' into text field '//input[@name="state"]'.</msg>
<arg>//input[@name="state"]</arg>
<arg>${Passenger_State}</arg>
<doc>Types the given ``text`` into the text field identified by ``locator``.</doc>
<status status="PASS" start="2024-05-05T17:27:56.784624" elapsed="0.242551"/>
</kw>
<kw name="Input Text" owner="SeleniumLibrary">
<msg time="2024-05-05T17:27:57.027175" level="INFO">Typing text '40510' into text field '//input[@name="zipCode"]'.</msg>
<arg>//input[@name="zipCode"]</arg>
<arg>${Passenger_zipCode}</arg>
<doc>Types the given ``text`` into the text field identified by ``locator``.</doc>
<status status="PASS" start="2024-05-05T17:27:57.027175" elapsed="0.091342"/>
</kw>
<kw name="Page Should Contain List" owner="SeleniumLibrary">
<msg time="2024-05-05T17:27:57.140352" level="INFO">Current page contains list '//select[@name="cardType"]'.</msg>
<arg>//select[@name="cardType"]</arg>
<doc>Verifies selection list ``locator`` is found from current page.</doc>
<status status="PASS" start="2024-05-05T17:27:57.121420" elapsed="0.018932"/>
</kw>
<kw name="Select From List By Value" owner="SeleniumLibrary">
<msg time="2024-05-05T17:27:57.143960" level="INFO">Selecting options from selection list '//select[@name="cardType"]' by value visa.</msg>
<arg>//select[@name="cardType"]</arg>
<arg>${creditCardType}</arg>
<doc>Selects options from selection list ``locator`` by ``values``.</doc>
<status status="PASS" start="2024-05-05T17:27:57.143459" elapsed="0.063564"/>
</kw>
<kw name="Input Text" owner="SeleniumLibrary">
<msg time="2024-05-05T17:27:57.207023" level="INFO">Typing text '374283953298940' into text field '//input[@name="creditCardNumber"]'.</msg>
<arg>//input[@name="creditCardNumber"]</arg>
<arg>${creditCard}</arg>
<doc>Types the given ``text`` into the text field identified by ``locator``.</doc>
<status status="PASS" start="2024-05-05T17:27:57.207023" elapsed="0.176010"/>
</kw>
<kw name="Input Text" owner="SeleniumLibrary">
<msg time="2024-05-05T17:27:57.385297" level="INFO">Typing text '1' into text field '//input[@name='creditCardMonth']'.</msg>
<arg>//input[@name='creditCardMonth']</arg>
<arg>${creditCardMonth}</arg>
<doc>Types the given ``text`` into the text field identified by ``locator``.</doc>
<status status="PASS" start="2024-05-05T17:27:57.384800" elapsed="0.095057"/>
</kw>
<kw name="Input Text" owner="SeleniumLibrary">
<msg time="2024-05-05T17:27:57.479857" level="INFO">Typing text '2010' into text field '//input[@name="creditCardYear"]'.</msg>
<arg>//input[@name="creditCardYear"]</arg>
<arg>${creditCardYear}</arg>
<doc>Types the given ``text`` into the text field identified by ``locator``.</doc>
<status status="PASS" start="2024-05-05T17:27:57.479857" elapsed="0.119069"/>
</kw>
<kw name="Input Text" owner="SeleniumLibrary">
<msg time="2024-05-05T17:27:57.601194" level="INFO">Typing text 'Harwell Comini' into text field '//input[@name="nameOnCard"]'.</msg>
<arg>//input[@name="nameOnCard"]</arg>
<arg>${Passenger_Full_Name}</arg>
<doc>Types the given ``text`` into the text field identified by ``locator``.</doc>
<status status="PASS" start="2024-05-05T17:27:57.601194" elapsed="0.127747"/>
</kw>
<kw name="Click Element" owner="SeleniumLibrary">
<msg time="2024-05-05T17:27:57.730459" level="INFO">Clicking element '//input[@name="rememberMe"]'.</msg>
<arg>//input[@name="rememberMe"]</arg>
<doc>Click the element identified by ``locator``.</doc>
<status status="PASS" start="2024-05-05T17:27:57.730459" elapsed="0.062354"/>
</kw>
<kw name="Click Element" owner="SeleniumLibrary">
<msg time="2024-05-05T17:27:57.795335" level="INFO">Clicking element '//input[@class="btn btn-primary"]'.</msg>
<arg>${Purchase_Flight_Btn}</arg>
<doc>Click the element identified by ``locator``.</doc>
<status status="PASS" start="2024-05-05T17:27:57.794492" elapsed="0.767101"/>
</kw>
<kw name="Page Should Contain" owner="SeleniumLibrary">
<msg time="2024-05-05T17:27:58.593994" level="INFO">Current page contains text 'Thank you for your purchase today!'.</msg>
<arg>Thank you for your purchase today!</arg>
<doc>Verifies that current page contains ``text``.</doc>
<status status="PASS" start="2024-05-05T17:27:58.563437" elapsed="0.030557"/>
</kw>
<kw name="Get Text" owner="SeleniumLibrary">
<msg time="2024-05-05T17:27:58.622043" level="INFO">${Purchase_Id} = 1714910279236</msg>
<var>${Purchase_Id}</var>
<arg>${webtable}</arg>
<doc>Returns the text value of the element identified by ``locator``.</doc>
<status status="PASS" start="2024-05-05T17:27:58.593994" elapsed="0.028049"/>
</kw>
<kw name="Log" owner="BuiltIn">
<msg time="2024-05-05T17:27:58.622043" level="INFO">1714910279236</msg>
<arg>${Purchase_Id}</arg>
<doc>Logs the given message with the given level.</doc>
<status status="PASS" start="2024-05-05T17:27:58.622043" elapsed="0.000000"/>
</kw>
<arg>Departure_City=Paris</arg>
<arg>Destination_City=London</arg>
<arg>Passenger_Full_Name=Harwell Comini</arg>
<arg>Passenger_Address=59 Pennsylvania Junction</arg>
<arg>Passenger_City=Lexington</arg>
<arg>Passenger_State=Kentucky</arg>
<arg>Passenger_zipCode=40510</arg>
<arg>creditCardType=visa</arg>
<arg>creditCard=374283953298940</arg>
<arg>creditCardMonth=1</arg>
<arg>creditCardYear=2010</arg>
<status status="PASS" start="2024-05-05T17:27:54.558348" elapsed="4.063695"/>
</kw>
<kw name="Close existing Browser session" type="TEARDOWN">
<kw name="Close Browser" owner="SeleniumLibrary">
<doc>Closes the current browser.</doc>
<status status="PASS" start="2024-05-05T17:27:58.622043" elapsed="2.216045"/>
</kw>
<status status="PASS" start="2024-05-05T17:27:58.622043" elapsed="2.216498"/>
</kw>
<status status="PASS" start="2024-05-05T17:27:51.222516" elapsed="9.616408"/>
</test>
<test id="s1-s1-t2" name="E2E Blazedemo Parametrised Test for user Tyne Mc Gorley with amex and 5108750487709790" line="22">
<kw name="Open the browser with the url" type="SETUP">
<kw name="Create Webdriver" owner="SeleniumLibrary">
<msg time="2024-05-05T17:28:00.838924" level="INFO">Creating an instance of the Chrome WebDriver.</msg>
<arg>${browser_name}</arg>
<doc>Creates an instance of Selenium WebDriver.</doc>
<status status="PASS" start="2024-05-05T17:28:00.838924" elapsed="1.839341"/>
</kw>
<kw name="Go To" owner="SeleniumLibrary">
<msg time="2024-05-05T17:28:02.717714" level="INFO">Opening url 'https://blazedemo.com/'</msg>
<arg>${url}</arg>
<doc>Navigates the current browser window to the provided ``url``.</doc>
<status status="PASS" start="2024-05-05T17:28:02.716715" elapsed="1.247048"/>
</kw>
<kw name="Maximize Browser Window" owner="SeleniumLibrary">
<doc>Maximizes current browser window.</doc>
<status status="PASS" start="2024-05-05T17:28:03.965498" elapsed="0.038215"/>
</kw>
<status status="PASS" start="2024-05-05T17:28:00.838924" elapsed="3.164789"/>
</kw>
<kw name="Passenger Details fill up and verification">
<kw name="Page Should Contain" owner="SeleniumLibrary">
<msg time="2024-05-05T17:28:04.027886" level="INFO">Current page contains text 'Welcome to the Simple Travel Agency!'.</msg>
<arg>Welcome to the Simple Travel Agency!</arg>
<doc>Verifies that current page contains ``text``.</doc>
<status status="PASS" start="2024-05-05T17:28:04.011021" elapsed="0.016865"/>
</kw>
<kw name="Select From List By Value" owner="SeleniumLibrary">
<msg time="2024-05-05T17:28:04.045148" level="INFO">Selecting options from selection list '//select[@name="fromPort"]' by value Philadelphia.</msg>
<arg>//select[@name="fromPort"]</arg>
<arg>${Departure_City}</arg>
<doc>Selects options from selection list ``locator`` by ``values``.</doc>
<status status="PASS" start="2024-05-05T17:28:04.044510" elapsed="0.128314"/>
</kw>
<kw name="Select From List By Value" owner="SeleniumLibrary">
<msg time="2024-05-05T17:28:04.175405" level="INFO">Selecting options from selection list '//select[@name="toPort"]' by value Dublin.</msg>
<arg>//select[@name="toPort"]</arg>
<arg>${Destination_City}</arg>
<doc>Selects options from selection list ``locator`` by ``values``.</doc>
<status status="PASS" start="2024-05-05T17:28:04.175405" elapsed="0.111242"/>
</kw>
<kw name="Set Global Variable" owner="BuiltIn">
<msg time="2024-05-05T17:28:04.328361" level="INFO">${Departure_City} = Philadelphia</msg>
<arg>${Departure_City}</arg>
<doc>Makes a variable available globally in all tests and suites.</doc>
<status status="PASS" start="2024-05-05T17:28:04.327783" elapsed="0.000578"/>
</kw>
<kw name="Set Global Variable" owner="BuiltIn">
<msg time="2024-05-05T17:28:04.330853" level="INFO">${Destination_City} = Dublin</msg>
<arg>${Destination_City}</arg>
<doc>Makes a variable available globally in all tests and suites.</doc>
<status status="PASS" start="2024-05-05T17:28:04.330853" elapsed="0.000000"/>
</kw>
<kw name="Click Element" owner="SeleniumLibrary">
<msg time="2024-05-05T17:28:04.333344" level="INFO">Clicking element '//input[@class="btn btn-primary"]'.</msg>
<arg>${FindFlights_Btn}</arg>
<doc>Click the element identified by ``locator``.</doc>
<status status="PASS" start="2024-05-05T17:28:04.333344" elapsed="0.571133"/>
</kw>
<kw name="Page Should Contain" owner="SeleniumLibrary">
<msg time="2024-05-05T17:28:04.961148" level="INFO">Current page contains text 'Flights from Philadelphia to Dublin:'.</msg>
<arg>Flights from ${Departure_City} to ${Destination_City}:</arg>
<doc>Verifies that current page contains ``text``.</doc>
<status status="PASS" start="2024-05-05T17:28:04.908139" elapsed="0.053009"/>
</kw>
<kw name="Get Element Count" owner="SeleniumLibrary">
<msg time="2024-05-05T17:28:05.023600" level="INFO">${rows} = 5</msg>
<var>${rows}</var>
<arg>xpath://table[@class='table']/tbody/tr</arg>
<doc>Returns the number of elements matching ``locator``.</doc>
<status status="PASS" start="2024-05-05T17:28:05.003592" elapsed="0.020008"/>
</kw>
<kw name="Log" owner="BuiltIn">
<msg time="2024-05-05T17:28:05.025490" level="INFO">5</msg>
<arg>${rows}</arg>
<doc>Logs the given message with the given level.</doc>
<status status="PASS" start="2024-05-05T17:28:05.025490" elapsed="0.000000"/>
</kw>
<kw name="Get Element Count" owner="SeleniumLibrary">
<msg time="2024-05-05T17:28:05.036754" level="INFO">${columns} = 6</msg>
<var>${columns}</var>
<arg>xpath://table[@class='table']/tbody/tr[1]/td</arg>
<doc>Returns the number of elements matching ``locator``.</doc>
<status status="PASS" start="2024-05-05T17:28:05.026419" elapsed="0.010335"/>
</kw>
<kw name="Log" owner="BuiltIn">
<msg time="2024-05-05T17:28:05.036754" level="INFO">6</msg>
<arg>${columns}</arg>
<doc>Logs the given message with the given level.</doc>
<status status="PASS" start="2024-05-05T17:28:05.036754" elapsed="0.000000"/>
</kw>
<kw name="Get Text" owner="SeleniumLibrary">
<msg time="2024-05-05T17:28:05.067956" level="INFO">${flight_name} = United Airlines</msg>
<var>${flight_name}</var>
<arg>xpath://table[@class='table']/tbody/tr[2]/td[3]</arg>
<doc>Returns the text value of the element identified by ``locator``.</doc>
<status status="PASS" start="2024-05-05T17:28:05.041527" elapsed="0.026429"/>
</kw>
<kw name="Should Be Equal As Strings" owner="BuiltIn">
<arg>${flight_name}</arg>
<arg>United Airlines</arg>
<doc>Fails if objects are unequal after converting them to strings.</doc>
<status status="PASS" start="2024-05-05T17:28:05.067956" elapsed="0.000000"/>
</kw>
<kw name="Element Text Should Be" owner="SeleniumLibrary">
<msg time="2024-05-05T17:28:05.067956" level="INFO">Verifying element 'xpath:(//table[@class='table'])/tbody/tr[1]/td[3]' contains exact text 'Virgin America'.</msg>
<arg>${First_Flight_Vendor}</arg>
<arg>Virgin America</arg>
<doc>Verifies that element ``locator`` contains exact the text ``expected``.</doc>
<status status="PASS" start="2024-05-05T17:28:05.067956" elapsed="0.032686"/>
</kw>
<kw name="Table Header Should Contain" owner="SeleniumLibrary">
<arg>xpath://table[@class='table']</arg>
<arg>Flight #</arg>
<doc>Verifies table header contains text ``expected``.</doc>
<status status="PASS" start="2024-05-05T17:28:05.102822" elapsed="0.082302"/>
</kw>
<kw name="Table Row Should Contain" owner="SeleniumLibrary">
<arg>xpath://table[@class='table']</arg>
<arg>3</arg>
<arg>9696</arg>
<doc>Verifies that table row contains text ``expected``.</doc>
<status status="PASS" start="2024-05-05T17:28:05.185124" elapsed="0.052446"/>
</kw>
<kw name="Table Column Should Contain" owner="SeleniumLibrary">
<arg>xpath://table[@class='table']</arg>
<arg>6</arg>
<arg>$472.56</arg>
<doc>Verifies table column contains text ``expected``.</doc>
<status status="PASS" start="2024-05-05T17:28:05.237570" elapsed="0.058766"/>
</kw>
<kw name="Table Cell Should Contain" owner="SeleniumLibrary">
<msg time="2024-05-05T17:28:05.382183" level="INFO">Table cell contains 'Lufthansa'.</msg>
<arg>xpath://table[@class='table']</arg>
<arg>6</arg>
<arg>3</arg>
<arg>Lufthansa</arg>
<doc>Verifies table cell contains text ``expected``.</doc>
<status status="PASS" start="2024-05-05T17:28:05.312067" elapsed="0.070116"/>
</kw>
<kw name="Click Element" owner="SeleniumLibrary">
<msg time="2024-05-05T17:28:05.398509" level="INFO">Clicking element 'xpath:(//input[@class="btn btn-small"])[2]'.</msg>
<arg>${Reserve_Page_Btn}</arg>
<doc>Click the element identified by ``locator``.</doc>
<status status="PASS" start="2024-05-05T17:28:05.398509" elapsed="0.885548"/>
</kw>
<kw name="Page Should Contain" owner="SeleniumLibrary">
<msg time="2024-05-05T17:28:06.307046" level="INFO">Current page contains text 'Your flight from TLV to SFO has been reserved.'.</msg>
<arg>Your flight from TLV to SFO has been reserved.</arg>
<doc>Verifies that current page contains ``text``.</doc>
<status status="PASS" start="2024-05-05T17:28:06.286845" elapsed="0.020201"/>
</kw>
<kw name="Input Text" owner="SeleniumLibrary">
<msg time="2024-05-05T17:28:06.309481" level="INFO">Typing text 'Tyne Mc Gorley' into text field '//input[@name="inputName"]'.</msg>
<arg>//input[@name="inputName"]</arg>
<arg>${Passenger_Full_Name}</arg>
<doc>Types the given ``text`` into the text field identified by ``locator``.</doc>
<status status="PASS" start="2024-05-05T17:28:06.308980" elapsed="0.132067"/>
</kw>
<kw name="Input Text" owner="SeleniumLibrary">
<msg time="2024-05-05T17:28:06.445229" level="INFO">Typing text '96 Shasta Trail' into text field '//input[@name="address"]'.</msg>
<arg>//input[@name="address"]</arg>
<arg>${Passenger_Address}</arg>
<doc>Types the given ``text`` into the text field identified by ``locator``.</doc>
<status status="PASS" start="2024-05-05T17:28:06.444728" elapsed="0.144119"/>
</kw>
<kw name="Input Text" owner="SeleniumLibrary">
<msg time="2024-05-05T17:28:06.591393" level="INFO">Typing text 'Saint Paul' into text field '//input[@name="city"]'.</msg>
<arg>//input[@name="city"]</arg>
<arg>${Passenger_City}</arg>
<doc>Types the given ``text`` into the text field identified by ``locator``.</doc>
<status status="PASS" start="2024-05-05T17:28:06.591393" elapsed="0.087677"/>
</kw>
<kw name="Input Text" owner="SeleniumLibrary">
<msg time="2024-05-05T17:28:06.682852" level="INFO">Typing text 'Minnesota' into text field '//input[@name="state"]'.</msg>
<arg>//input[@name="state"]</arg>
<arg>${Passenger_State}</arg>
<doc>Types the given ``text`` into the text field identified by ``locator``.</doc>
<status status="PASS" start="2024-05-05T17:28:06.682852" elapsed="0.089331"/>
</kw>
<kw name="Input Text" owner="SeleniumLibrary">
<msg time="2024-05-05T17:28:06.773677" level="INFO">Typing text '55108' into text field '//input[@name="zipCode"]'.</msg>
<arg>//input[@name="zipCode"]</arg>
<arg>${Passenger_zipCode}</arg>
<doc>Types the given ``text`` into the text field identified by ``locator``.</doc>
<status status="PASS" start="2024-05-05T17:28:06.773677" elapsed="0.136040"/>
</kw>
<kw name="Page Should Contain List" owner="SeleniumLibrary">
<msg time="2024-05-05T17:28:06.932736" level="INFO">Current page contains list '//select[@name="cardType"]'.</msg>
<arg>//select[@name="cardType"]</arg>
<doc>Verifies selection list ``locator`` is found from current page.</doc>
<status status="PASS" start="2024-05-05T17:28:06.911191" elapsed="0.021545"/>
</kw>
<kw name="Select From List By Value" owner="SeleniumLibrary">
<msg time="2024-05-05T17:28:06.932736" level="INFO">Selecting options from selection list '//select[@name="cardType"]' by value amex.</msg>
<arg>//select[@name="cardType"]</arg>
<arg>${creditCardType}</arg>
<doc>Selects options from selection list ``locator`` by ``values``.</doc>
<status status="PASS" start="2024-05-05T17:28:06.932736" elapsed="0.091688"/>
</kw>
<kw name="Input Text" owner="SeleniumLibrary">
<msg time="2024-05-05T17:28:07.028945" level="INFO">Typing text '5108750487709790' into text field '//input[@name="creditCardNumber"]'.</msg>
<arg>//input[@name="creditCardNumber"]</arg>
<arg>${creditCard}</arg>
<doc>Types the given ``text`` into the text field identified by ``locator``.</doc>
<status status="PASS" start="2024-05-05T17:28:07.028945" elapsed="0.078864"/>
</kw>
<kw name="Input Text" owner="SeleniumLibrary">
<msg time="2024-05-05T17:28:07.107809" level="INFO">Typing text '2' into text field '//input[@name='creditCardMonth']'.</msg>
<arg>//input[@name='creditCardMonth']</arg>
<arg>${creditCardMonth}</arg>
<doc>Types the given ``text`` into the text field identified by ``locator``.</doc>
<status status="PASS" start="2024-05-05T17:28:07.107809" elapsed="0.091371"/>
</kw>
<kw name="Input Text" owner="SeleniumLibrary">
<msg time="2024-05-05T17:28:07.201911" level="INFO">Typing text '1997' into text field '//input[@name="creditCardYear"]'.</msg>
<arg>//input[@name="creditCardYear"]</arg>
<arg>${creditCardYear}</arg>
<doc>Types the given ``text`` into the text field identified by ``locator``.</doc>
<status status="PASS" start="2024-05-05T17:28:07.201408" elapsed="0.138652"/>
</kw>
<kw name="Input Text" owner="SeleniumLibrary">
<msg time="2024-05-05T17:28:07.342027" level="INFO">Typing text 'Tyne Mc Gorley' into text field '//input[@name="nameOnCard"]'.</msg>
<arg>//input[@name="nameOnCard"]</arg>
<arg>${Passenger_Full_Name}</arg>
<doc>Types the given ``text`` into the text field identified by ``locator``.</doc>
<status status="PASS" start="2024-05-05T17:28:07.341524" elapsed="0.097863"/>
</kw>
<kw name="Click Element" owner="SeleniumLibrary">
<msg time="2024-05-05T17:28:07.439944" level="INFO">Clicking element '//input[@name="rememberMe"]'.</msg>
<arg>//input[@name="rememberMe"]</arg>
<doc>Click the element identified by ``locator``.</doc>
<status status="PASS" start="2024-05-05T17:28:07.439944" elapsed="0.056937"/>
</kw>
<kw name="Click Element" owner="SeleniumLibrary">
<msg time="2024-05-05T17:28:07.499245" level="INFO">Clicking element '//input[@class="btn btn-primary"]'.</msg>
<arg>${Purchase_Flight_Btn}</arg>
<doc>Click the element identified by ``locator``.</doc>
<status status="PASS" start="2024-05-05T17:28:07.499245" elapsed="1.154760"/>
</kw>
<kw name="Page Should Contain" owner="SeleniumLibrary">
<msg time="2024-05-05T17:28:08.680237" level="INFO">Current page contains text 'Thank you for your purchase today!'.</msg>
<arg>Thank you for your purchase today!</arg>
<doc>Verifies that current page contains ``text``.</doc>
<status status="PASS" start="2024-05-05T17:28:08.655985" elapsed="0.024252"/>
</kw>
<kw name="Get Text" owner="SeleniumLibrary">
<msg time="2024-05-05T17:28:08.706393" level="INFO">${Purchase_Id} = 1714910289756</msg>
<var>${Purchase_Id}</var>
<arg>${webtable}</arg>
<doc>Returns the text value of the element identified by ``locator``.</doc>
<status status="PASS" start="2024-05-05T17:28:08.682021" elapsed="0.024372"/>
</kw>
<kw name="Log" owner="BuiltIn">
<msg time="2024-05-05T17:28:08.709068" level="INFO">1714910289756</msg>
<arg>${Purchase_Id}</arg>
<doc>Logs the given message with the given level.</doc>
<status status="PASS" start="2024-05-05T17:28:08.708567" elapsed="0.000501"/>
</kw>
<arg>Departure_City=Philadelphia</arg>
<arg>Destination_City=Dublin</arg>
<arg>Passenger_Full_Name=Tyne Mc Gorley</arg>
<arg>Passenger_Address=96 Shasta Trail</arg>
<arg>Passenger_City=Saint Paul</arg>
<arg>Passenger_State=Minnesota</arg>
<arg>Passenger_zipCode=55108</arg>
<arg>creditCardType=amex</arg>
<arg>creditCard=5108750487709790</arg>
<arg>creditCardMonth=2</arg>
<arg>creditCardYear=1997</arg>
<status status="PASS" start="2024-05-05T17:28:04.010024" elapsed="4.700088"/>
</kw>
<kw name="Close existing Browser session" type="TEARDOWN">
<kw name="Close Browser" owner="SeleniumLibrary">
<doc>Closes the current browser.</doc>
<status status="PASS" start="2024-05-05T17:28:08.711122" elapsed="2.186873"/>
</kw>
<status status="PASS" start="2024-05-05T17:28:08.710112" elapsed="2.187883"/>
</kw>
<status status="PASS" start="2024-05-05T17:28:00.838924" elapsed="10.059071"/>
</test>
<test id="s1-s1-t3" name="E2E Blazedemo Parametrised Test for user Alfie Renshaw with dinersclub and 5108751441134670" line="22">
<kw name="Open the browser with the url" type="SETUP">
<kw name="Create Webdriver" owner="SeleniumLibrary">
<msg time="2024-05-05T17:28:10.897995" level="INFO">Creating an instance of the Chrome WebDriver.</msg>
<arg>${browser_name}</arg>
<doc>Creates an instance of Selenium WebDriver.</doc>
<status status="PASS" start="2024-05-05T17:28:10.897995" elapsed="1.723068"/>
</kw>
<kw name="Go To" owner="SeleniumLibrary">
<msg time="2024-05-05T17:28:12.625496" level="INFO">Opening url 'https://blazedemo.com/'</msg>
<arg>${url}</arg>
<doc>Navigates the current browser window to the provided ``url``.</doc>
<status status="PASS" start="2024-05-05T17:28:12.624994" elapsed="1.461363"/>
</kw>
<kw name="Maximize Browser Window" owner="SeleniumLibrary">
<doc>Maximizes current browser window.</doc>
<status status="PASS" start="2024-05-05T17:28:14.088448" elapsed="0.053253"/>
</kw>
<status status="PASS" start="2024-05-05T17:28:10.897995" elapsed="3.243706"/>
</kw>
<kw name="Passenger Details fill up and verification">
<kw name="Page Should Contain" owner="SeleniumLibrary">
<msg time="2024-05-05T17:28:14.157652" level="INFO">Current page contains text 'Welcome to the Simple Travel Agency!'.</msg>
<arg>Welcome to the Simple Travel Agency!</arg>
<doc>Verifies that current page contains ``text``.</doc>
<status status="PASS" start="2024-05-05T17:28:14.141701" elapsed="0.015951"/>
</kw>
<kw name="Select From List By Value" owner="SeleniumLibrary">
<msg time="2024-05-05T17:28:14.157652" level="INFO">Selecting options from selection list '//select[@name="fromPort"]' by value Boston.</msg>
<arg>//select[@name="fromPort"]</arg>
<arg>${Departure_City}</arg>
<doc>Selects options from selection list ``locator`` by ``values``.</doc>
<status status="PASS" start="2024-05-05T17:28:14.157652" elapsed="0.164166"/>
</kw>
<kw name="Select From List By Value" owner="SeleniumLibrary">
<msg time="2024-05-05T17:28:14.325285" level="INFO">Selecting options from selection list '//select[@name="toPort"]' by value New York.</msg>
<arg>//select[@name="toPort"]</arg>
<arg>${Destination_City}</arg>
<doc>Selects options from selection list ``locator`` by ``values``.</doc>
<status status="PASS" start="2024-05-05T17:28:14.324765" elapsed="0.064522"/>
</kw>
<kw name="Set Global Variable" owner="BuiltIn">
<msg time="2024-05-05T17:28:14.390653" level="INFO">${Departure_City} = Boston</msg>
<arg>${Departure_City}</arg>
<doc>Makes a variable available globally in all tests and suites.</doc>
<status status="PASS" start="2024-05-05T17:28:14.390653" elapsed="0.000000"/>
</kw>
<kw name="Set Global Variable" owner="BuiltIn">
<msg time="2024-05-05T17:28:14.393581" level="INFO">${Destination_City} = New York</msg>
<arg>${Destination_City}</arg>
<doc>Makes a variable available globally in all tests and suites.</doc>
<status status="PASS" start="2024-05-05T17:28:14.393060" elapsed="0.000521"/>
</kw>
<kw name="Click Element" owner="SeleniumLibrary">
<msg time="2024-05-05T17:28:14.394689" level="INFO">Clicking element '//input[@class="btn btn-primary"]'.</msg>
<arg>${FindFlights_Btn}</arg>
<doc>Click the element identified by ``locator``.</doc>
<status status="PASS" start="2024-05-05T17:28:14.394689" elapsed="0.525145"/>
</kw>
<kw name="Page Should Contain" owner="SeleniumLibrary">
<msg time="2024-05-05T17:28:14.972403" level="INFO">Current page contains text 'Flights from Boston to New York:'.</msg>
<arg>Flights from ${Departure_City} to ${Destination_City}:</arg>
<doc>Verifies that current page contains ``text``.</doc>
<status status="PASS" start="2024-05-05T17:28:14.921086" elapsed="0.051317"/>
</kw>
<kw name="Get Element Count" owner="SeleniumLibrary">
<msg time="2024-05-05T17:28:14.990332" level="INFO">${rows} = 5</msg>
<var>${rows}</var>
<arg>xpath://table[@class='table']/tbody/tr</arg>
<doc>Returns the number of elements matching ``locator``.</doc>
<status status="PASS" start="2024-05-05T17:28:14.972403" elapsed="0.017929"/>
</kw>
<kw name="Log" owner="BuiltIn">
<msg time="2024-05-05T17:28:14.996407" level="INFO">5</msg>
<arg>${rows}</arg>
<doc>Logs the given message with the given level.</doc>
<status status="PASS" start="2024-05-05T17:28:14.996407" elapsed="0.000000"/>
</kw>
<kw name="Get Element Count" owner="SeleniumLibrary">
<msg time="2024-05-05T17:28:15.014006" level="INFO">${columns} = 6</msg>
<var>${columns}</var>
<arg>xpath://table[@class='table']/tbody/tr[1]/td</arg>
<doc>Returns the number of elements matching ``locator``.</doc>
<status status="PASS" start="2024-05-05T17:28:14.998281" elapsed="0.015725"/>
</kw>
<kw name="Log" owner="BuiltIn">
<msg time="2024-05-05T17:28:15.014507" level="INFO">6</msg>
<arg>${columns}</arg>
<doc>Logs the given message with the given level.</doc>
<status status="PASS" start="2024-05-05T17:28:15.014507" elapsed="0.000000"/>
</kw>
<kw name="Get Text" owner="SeleniumLibrary">
<msg time="2024-05-05T17:28:15.062326" level="INFO">${flight_name} = United Airlines</msg>
<var>${flight_name}</var>
<arg>xpath://table[@class='table']/tbody/tr[2]/td[3]</arg>
<doc>Returns the text value of the element identified by ``locator``.</doc>
<status status="PASS" start="2024-05-05T17:28:15.017206" elapsed="0.045120"/>
</kw>
<kw name="Should Be Equal As Strings" owner="BuiltIn">
<arg>${flight_name}</arg>
<arg>United Airlines</arg>
<doc>Fails if objects are unequal after converting them to strings.</doc>
<status status="PASS" start="2024-05-05T17:28:15.063326" elapsed="0.000000"/>
</kw>
<kw name="Element Text Should Be" owner="SeleniumLibrary">
<msg time="2024-05-05T17:28:15.064328" level="INFO">Verifying element 'xpath:(//table[@class='table'])/tbody/tr[1]/td[3]' contains exact text 'Virgin America'.</msg>
<arg>${First_Flight_Vendor}</arg>
<arg>Virgin America</arg>
<doc>Verifies that element ``locator`` contains exact the text ``expected``.</doc>
<status status="PASS" start="2024-05-05T17:28:15.063326" elapsed="0.026725"/>
</kw>
<kw name="Table Header Should Contain" owner="SeleniumLibrary">
<arg>xpath://table[@class='table']</arg>
<arg>Flight #</arg>
<doc>Verifies table header contains text ``expected``.</doc>
<status status="PASS" start="2024-05-05T17:28:15.091369" elapsed="0.081855"/>
</kw>
<kw name="Table Row Should Contain" owner="SeleniumLibrary">
<arg>xpath://table[@class='table']</arg>
<arg>3</arg>
<arg>9696</arg>
<doc>Verifies that table row contains text ``expected``.</doc>
<status status="PASS" start="2024-05-05T17:28:15.173785" elapsed="0.054799"/>
</kw>
<kw name="Table Column Should Contain" owner="SeleniumLibrary">
<arg>xpath://table[@class='table']</arg>
<arg>6</arg>
<arg>$472.56</arg>
<doc>Verifies table column contains text ``expected``.</doc>
<status status="PASS" start="2024-05-05T17:28:15.228584" elapsed="0.058972"/>
</kw>
<kw name="Table Cell Should Contain" owner="SeleniumLibrary">
<msg time="2024-05-05T17:28:15.366489" level="INFO">Table cell contains 'Lufthansa'.</msg>
<arg>xpath://table[@class='table']</arg>
<arg>6</arg>
<arg>3</arg>
<arg>Lufthansa</arg>
<doc>Verifies table cell contains text ``expected``.</doc>
<status status="PASS" start="2024-05-05T17:28:15.287556" elapsed="0.078933"/>
</kw>
<kw name="Click Element" owner="SeleniumLibrary">
<msg time="2024-05-05T17:28:15.375362" level="INFO">Clicking element 'xpath:(//input[@class="btn btn-small"])[2]'.</msg>
<arg>${Reserve_Page_Btn}</arg>
<doc>Click the element identified by ``locator``.</doc>
<status status="PASS" start="2024-05-05T17:28:15.375362" elapsed="1.394710"/>
</kw>
<kw name="Page Should Contain" owner="SeleniumLibrary">
<msg time="2024-05-05T17:28:16.787392" level="INFO">Current page contains text 'Your flight from TLV to SFO has been reserved.'.</msg>
<arg>Your flight from TLV to SFO has been reserved.</arg>
<doc>Verifies that current page contains ``text``.</doc>
<status status="PASS" start="2024-05-05T17:28:16.772011" elapsed="0.015381"/>
</kw>
<kw name="Input Text" owner="SeleniumLibrary">
<msg time="2024-05-05T17:28:16.800567" level="INFO">Typing text 'Alfie Renshaw' into text field '//input[@name="inputName"]'.</msg>
<arg>//input[@name="inputName"]</arg>
<arg>${Passenger_Full_Name}</arg>
<doc>Types the given ``text`` into the text field identified by ``locator``.</doc>
<status status="PASS" start="2024-05-05T17:28:16.799966" elapsed="0.106355"/>
</kw>
<kw name="Input Text" owner="SeleniumLibrary">
<msg time="2024-05-05T17:28:16.908392" level="INFO">Typing text '98433 Moland Lane' into text field '//input[@name="address"]'.</msg>
<arg>//input[@name="address"]</arg>
<arg>${Passenger_Address}</arg>
<doc>Types the given ``text`` into the text field identified by ``locator``.</doc>
<status status="PASS" start="2024-05-05T17:28:16.907889" elapsed="0.123377"/>
</kw>
<kw name="Input Text" owner="SeleniumLibrary">
<msg time="2024-05-05T17:28:17.031266" level="INFO">Typing text 'Atlanta' into text field '//input[@name="city"]'.</msg>
<arg>//input[@name="city"]</arg>
<arg>${Passenger_City}</arg>
<doc>Types the given ``text`` into the text field identified by ``locator``.</doc>
<status status="PASS" start="2024-05-05T17:28:17.031266" elapsed="0.092585"/>
</kw>
<kw name="Input Text" owner="SeleniumLibrary">
<msg time="2024-05-05T17:28:17.126535" level="INFO">Typing text 'Georgia' into text field '//input[@name="state"]'.</msg>
<arg>//input[@name="state"]</arg>
<arg>${Passenger_State}</arg>
<doc>Types the given ``text`` into the text field identified by ``locator``.</doc>
<status status="PASS" start="2024-05-05T17:28:17.126010" elapsed="0.089780"/>
</kw>
<kw name="Input Text" owner="SeleniumLibrary">
<msg time="2024-05-05T17:28:17.228028" level="INFO">Typing text '31106' into text field '//input[@name="zipCode"]'.</msg>
<arg>//input[@name="zipCode"]</arg>
<arg>${Passenger_zipCode}</arg>
<doc>Types the given ``text`` into the text field identified by ``locator``.</doc>
<status status="PASS" start="2024-05-05T17:28:17.228028" elapsed="0.143294"/>
</kw>
<kw name="Page Should Contain List" owner="SeleniumLibrary">
<msg time="2024-05-05T17:28:17.389215" level="INFO">Current page contains list '//select[@name="cardType"]'.</msg>
<arg>//select[@name="cardType"]</arg>
<doc>Verifies selection list ``locator`` is found from current page.</doc>
<status status="PASS" start="2024-05-05T17:28:17.373523" elapsed="0.015692"/>
</kw>
<kw name="Select From List By Value" owner="SeleniumLibrary">
<msg time="2024-05-05T17:28:17.392404" level="INFO">Selecting options from selection list '//select[@name="cardType"]' by value dinersclub.</msg>
<arg>//select[@name="cardType"]</arg>
<arg>${creditCardType}</arg>
<doc>Selects options from selection list ``locator`` by ``values``.</doc>
<status status="PASS" start="2024-05-05T17:28:17.391831" elapsed="0.067502"/>
</kw>
<kw name="Input Text" owner="SeleniumLibrary">
<msg time="2024-05-05T17:28:17.460742" level="INFO">Typing text '5108751441134670' into text field '//input[@name="creditCardNumber"]'.</msg>
<arg>//input[@name="creditCardNumber"]</arg>
<arg>${creditCard}</arg>
<doc>Types the given ``text`` into the text field identified by ``locator``.</doc>
<status status="PASS" start="2024-05-05T17:28:17.460742" elapsed="0.093077"/>
</kw>
<kw name="Input Text" owner="SeleniumLibrary">
<msg time="2024-05-05T17:28:17.556558" level="INFO">Typing text '3' into text field '//input[@name='creditCardMonth']'.</msg>
<arg>//input[@name='creditCardMonth']</arg>
<arg>${creditCardMonth}</arg>
<doc>Types the given ``text`` into the text field identified by ``locator``.</doc>
<status status="PASS" start="2024-05-05T17:28:17.556054" elapsed="0.083994"/>
</kw>
<kw name="Input Text" owner="SeleniumLibrary">
<msg time="2024-05-05T17:28:17.642622" level="INFO">Typing text '2012' into text field '//input[@name="creditCardYear"]'.</msg>
<arg>//input[@name="creditCardYear"]</arg>
<arg>${creditCardYear}</arg>
<doc>Types the given ``text`` into the text field identified by ``locator``.</doc>
<status status="PASS" start="2024-05-05T17:28:17.642097" elapsed="0.100087"/>
</kw>
<kw name="Input Text" owner="SeleniumLibrary">
<msg time="2024-05-05T17:28:17.742184" level="INFO">Typing text 'Alfie Renshaw' into text field '//input[@name="nameOnCard"]'.</msg>
<arg>//input[@name="nameOnCard"]</arg>
<arg>${Passenger_Full_Name}</arg>
<doc>Types the given ``text`` into the text field identified by ``locator``.</doc>
<status status="PASS" start="2024-05-05T17:28:17.742184" elapsed="0.076698"/>
</kw>
<kw name="Click Element" owner="SeleniumLibrary">
<msg time="2024-05-05T17:28:17.822644" level="INFO">Clicking element '//input[@name="rememberMe"]'.</msg>
<arg>//input[@name="rememberMe"]</arg>
<doc>Click the element identified by ``locator``.</doc>
<status status="PASS" start="2024-05-05T17:28:17.822388" elapsed="0.049861"/>
</kw>
<kw name="Click Element" owner="SeleniumLibrary">
<msg time="2024-05-05T17:28:17.872249" level="INFO">Clicking element '//input[@class="btn btn-primary"]'.</msg>
<arg>${Purchase_Flight_Btn}</arg>
<doc>Click the element identified by ``locator``.</doc>
<status status="PASS" start="2024-05-05T17:28:17.872249" elapsed="1.462025"/>
</kw>
<kw name="Page Should Contain" owner="SeleniumLibrary">
<msg time="2024-05-05T17:28:19.361282" level="INFO">Current page contains text 'Thank you for your purchase today!'.</msg>
<arg>Thank you for your purchase today!</arg>
<doc>Verifies that current page contains ``text``.</doc>
<status status="PASS" start="2024-05-05T17:28:19.337492" elapsed="0.024873"/>
</kw>
<kw name="Get Text" owner="SeleniumLibrary">
<msg time="2024-05-05T17:28:19.383526" level="INFO">${Purchase_Id} = 1714910299738</msg>
<var>${Purchase_Id}</var>
<arg>${webtable}</arg>
<doc>Returns the text value of the element identified by ``locator``.</doc>
<status status="PASS" start="2024-05-05T17:28:19.363347" elapsed="0.020179"/>
</kw>
<kw name="Log" owner="BuiltIn">
<msg time="2024-05-05T17:28:19.385242" level="INFO">1714910299738</msg>
<arg>${Purchase_Id}</arg>
<doc>Logs the given message with the given level.</doc>
<status status="PASS" start="2024-05-05T17:28:19.385242" elapsed="0.000618"/>
</kw>
<arg>Departure_City=Boston</arg>
<arg>Destination_City=New York</arg>
<arg>Passenger_Full_Name=Alfie Renshaw</arg>
<arg>Passenger_Address=98433 Moland Lane</arg>
<arg>Passenger_City=Atlanta</arg>
<arg>Passenger_State=Georgia</arg>
<arg>Passenger_zipCode=31106</arg>
<arg>creditCardType=dinersclub</arg>
<arg>creditCard=5108751441134670</arg>
<arg>creditCardMonth=3</arg>
<arg>creditCardYear=2012</arg>
<status status="PASS" start="2024-05-05T17:28:14.141701" elapsed="5.244159"/>
</kw>
<kw name="Close existing Browser session" type="TEARDOWN">
<kw name="Close Browser" owner="SeleniumLibrary">
<doc>Closes the current browser.</doc>
<status status="PASS" start="2024-05-05T17:28:19.385860" elapsed="2.184037"/>
</kw>
<status status="PASS" start="2024-05-05T17:28:19.385860" elapsed="2.184037"/>
</kw>
<status status="PASS" start="2024-05-05T17:28:10.897995" elapsed="10.671902"/>
</test>
<test id="s1-s1-t4" name="E2E Blazedemo Parametrised Test for user Rainer Leahy with visa and 5048374655197470" line="22">
<kw name="Open the browser with the url" type="SETUP">
<kw name="Create Webdriver" owner="SeleniumLibrary">
<msg time="2024-05-05T17:28:21.569897" level="INFO">Creating an instance of the Chrome WebDriver.</msg>
<arg>${browser_name}</arg>
<doc>Creates an instance of Selenium WebDriver.</doc>
<status status="PASS" start="2024-05-05T17:28:21.569897" elapsed="1.728374"/>
</kw>
<kw name="Go To" owner="SeleniumLibrary">
<msg time="2024-05-05T17:28:23.301232" level="INFO">Opening url 'https://blazedemo.com/'</msg>
<arg>${url}</arg>
<doc>Navigates the current browser window to the provided ``url``.</doc>
<status status="PASS" start="2024-05-05T17:28:23.300737" elapsed="3.160196"/>
</kw>
<kw name="Maximize Browser Window" owner="SeleniumLibrary">
<doc>Maximizes current browser window.</doc>
<status status="PASS" start="2024-05-05T17:28:26.462513" elapsed="0.058395"/>
</kw>
<status status="PASS" start="2024-05-05T17:28:21.569897" elapsed="4.951011"/>
</kw>
<kw name="Passenger Details fill up and verification">
<kw name="Page Should Contain" owner="SeleniumLibrary">
<msg time="2024-05-05T17:28:26.536665" level="INFO">Current page contains text 'Welcome to the Simple Travel Agency!'.</msg>
<arg>Welcome to the Simple Travel Agency!</arg>
<doc>Verifies that current page contains ``text``.</doc>
<status status="PASS" start="2024-05-05T17:28:26.520908" elapsed="0.015757"/>
</kw>
<kw name="Select From List By Value" owner="SeleniumLibrary">
<msg time="2024-05-05T17:28:26.536665" level="INFO">Selecting options from selection list '//select[@name="fromPort"]' by value Portland.</msg>
<arg>//select[@name="fromPort"]</arg>
<arg>${Departure_City}</arg>
<doc>Selects options from selection list ``locator`` by ``values``.</doc>
<status status="PASS" start="2024-05-05T17:28:26.536665" elapsed="0.158307"/>
</kw>
<kw name="Select From List By Value" owner="SeleniumLibrary">
<msg time="2024-05-05T17:28:26.697673" level="INFO">Selecting options from selection list '//select[@name="toPort"]' by value Berlin.</msg>
<arg>//select[@name="toPort"]</arg>
<arg>${Destination_City}</arg>
<doc>Selects options from selection list ``locator`` by ``values``.</doc>
<status status="PASS" start="2024-05-05T17:28:26.697673" elapsed="0.124007"/>
</kw>
<kw name="Set Global Variable" owner="BuiltIn">
<msg time="2024-05-05T17:28:26.866903" level="INFO">${Departure_City} = Portland</msg>
<arg>${Departure_City}</arg>
<doc>Makes a variable available globally in all tests and suites.</doc>
<status status="PASS" start="2024-05-05T17:28:26.866318" elapsed="0.000585"/>
</kw>
<kw name="Set Global Variable" owner="BuiltIn">
<msg time="2024-05-05T17:28:26.870004" level="INFO">${Destination_City} = Berlin</msg>
<arg>${Destination_City}</arg>
<doc>Makes a variable available globally in all tests and suites.</doc>
<status status="PASS" start="2024-05-05T17:28:26.869419" elapsed="0.000585"/>
</kw>
<kw name="Click Element" owner="SeleniumLibrary">
<msg time="2024-05-05T17:28:26.872754" level="INFO">Clicking element '//input[@class="btn btn-primary"]'.</msg>
<arg>${FindFlights_Btn}</arg>
<doc>Click the element identified by ``locator``.</doc>
<status status="PASS" start="2024-05-05T17:28:26.872161" elapsed="0.661754"/>
</kw>
<kw name="Page Should Contain" owner="SeleniumLibrary">
<msg time="2024-05-05T17:28:27.544285" level="INFO">Current page contains text 'Flights from Portland to Berlin:'.</msg>
<arg>Flights from ${Departure_City} to ${Destination_City}:</arg>
<doc>Verifies that current page contains ``text``.</doc>
<status status="PASS" start="2024-05-05T17:28:27.535302" elapsed="0.008983"/>
</kw>
<kw name="Get Element Count" owner="SeleniumLibrary">
<msg time="2024-05-05T17:28:27.551351" level="INFO">${rows} = 5</msg>
<var>${rows}</var>
<arg>xpath://table[@class='table']/tbody/tr</arg>
<doc>Returns the number of elements matching ``locator``.</doc>
<status status="PASS" start="2024-05-05T17:28:27.550851" elapsed="0.000500"/>
</kw>
<kw name="Log" owner="BuiltIn">
<msg time="2024-05-05T17:28:27.551351" level="INFO">5</msg>
<arg>${rows}</arg>
<doc>Logs the given message with the given level.</doc>
<status status="PASS" start="2024-05-05T17:28:27.551351" elapsed="0.000000"/>
</kw>
<kw name="Get Element Count" owner="SeleniumLibrary">
<msg time="2024-05-05T17:28:27.567439" level="INFO">${columns} = 6</msg>
<var>${columns}</var>
<arg>xpath://table[@class='table']/tbody/tr[1]/td</arg>
<doc>Returns the number of elements matching ``locator``.</doc>
<status status="PASS" start="2024-05-05T17:28:27.567439" elapsed="0.000000"/>
</kw>
<kw name="Log" owner="BuiltIn">
<msg time="2024-05-05T17:28:27.584500" level="INFO">6</msg>
<arg>${columns}</arg>
<doc>Logs the given message with the given level.</doc>
<status status="PASS" start="2024-05-05T17:28:27.584500" elapsed="0.000000"/>
</kw>
<kw name="Get Text" owner="SeleniumLibrary">
<msg time="2024-05-05T17:28:27.611355" level="INFO">${flight_name} = United Airlines</msg>
<var>${flight_name}</var>
<arg>xpath://table[@class='table']/tbody/tr[2]/td[3]</arg>
<doc>Returns the text value of the element identified by ``locator``.</doc>
<status status="PASS" start="2024-05-05T17:28:27.586190" elapsed="0.025165"/>
</kw>
<kw name="Should Be Equal As Strings" owner="BuiltIn">
<arg>${flight_name}</arg>
<arg>United Airlines</arg>
<doc>Fails if objects are unequal after converting them to strings.</doc>
<status status="PASS" start="2024-05-05T17:28:27.611355" elapsed="0.000000"/>
</kw>
<kw name="Element Text Should Be" owner="SeleniumLibrary">
<msg time="2024-05-05T17:28:27.611355" level="INFO">Verifying element 'xpath:(//table[@class='table'])/tbody/tr[1]/td[3]' contains exact text 'Virgin America'.</msg>
<arg>${First_Flight_Vendor}</arg>
<arg>Virgin America</arg>
<doc>Verifies that element ``locator`` contains exact the text ``expected``.</doc>
<status status="PASS" start="2024-05-05T17:28:27.611355" elapsed="0.041068"/>
</kw>
<kw name="Table Header Should Contain" owner="SeleniumLibrary">
<arg>xpath://table[@class='table']</arg>
<arg>Flight #</arg>
<doc>Verifies table header contains text ``expected``.</doc>
<status status="PASS" start="2024-05-05T17:28:27.653328" elapsed="0.074671"/>
</kw>
<kw name="Table Row Should Contain" owner="SeleniumLibrary">
<arg>xpath://table[@class='table']</arg>
<arg>3</arg>
<arg>9696</arg>
<doc>Verifies that table row contains text ``expected``.</doc>
<status status="PASS" start="2024-05-05T17:28:27.727999" elapsed="0.062552"/>
</kw>
<kw name="Table Column Should Contain" owner="SeleniumLibrary">
<arg>xpath://table[@class='table']</arg>
<arg>6</arg>
<arg>$472.56</arg>
<doc>Verifies table column contains text ``expected``.</doc>
<status status="PASS" start="2024-05-05T17:28:27.790551" elapsed="0.053201"/>
</kw>
<kw name="Table Cell Should Contain" owner="SeleniumLibrary">
<msg time="2024-05-05T17:28:27.907285" level="INFO">Table cell contains 'Lufthansa'.</msg>
<arg>xpath://table[@class='table']</arg>
<arg>6</arg>
<arg>3</arg>
<arg>Lufthansa</arg>
<doc>Verifies table cell contains text ``expected``.</doc>
<status status="PASS" start="2024-05-05T17:28:27.843752" elapsed="0.063533"/>
</kw>
<kw name="Click Element" owner="SeleniumLibrary">
<msg time="2024-05-05T17:28:27.907285" level="INFO">Clicking element 'xpath:(//input[@class="btn btn-small"])[2]'.</msg>
<arg>${Reserve_Page_Btn}</arg>
<doc>Click the element identified by ``locator``.</doc>
<status status="PASS" start="2024-05-05T17:28:27.907285" elapsed="0.793046"/>
</kw>
<kw name="Page Should Contain" owner="SeleniumLibrary">
<msg time="2024-05-05T17:28:28.721378" level="INFO">Current page contains text 'Your flight from TLV to SFO has been reserved.'.</msg>
<arg>Your flight from TLV to SFO has been reserved.</arg>
<doc>Verifies that current page contains ``text``.</doc>
<status status="PASS" start="2024-05-05T17:28:28.702398" elapsed="0.018980"/>
</kw>
<kw name="Input Text" owner="SeleniumLibrary">
<msg time="2024-05-05T17:28:28.723972" level="INFO">Typing text 'Rainer Leahy' into text field '//input[@name="inputName"]'.</msg>
<arg>//input[@name="inputName"]</arg>
<arg>${Passenger_Full_Name}</arg>
<doc>Types the given ``text`` into the text field identified by ``locator``.</doc>
<status status="PASS" start="2024-05-05T17:28:28.723272" elapsed="0.145828"/>
</kw>
<kw name="Input Text" owner="SeleniumLibrary">
<msg time="2024-05-05T17:28:28.872608" level="INFO">Typing text '2238 Melby Pass' into text field '//input[@name="address"]'.</msg>
<arg>//input[@name="address"]</arg>
<arg>${Passenger_Address}</arg>
<doc>Types the given ``text`` into the text field identified by ``locator``.</doc>
<status status="PASS" start="2024-05-05T17:28:28.872105" elapsed="0.131798"/>
</kw>
<kw name="Input Text" owner="SeleniumLibrary">
<msg time="2024-05-05T17:28:29.005734" level="INFO">Typing text 'Atlanta' into text field '//input[@name="city"]'.</msg>
<arg>//input[@name="city"]</arg>
<arg>${Passenger_City}</arg>
<doc>Types the given ``text`` into the text field identified by ``locator``.</doc>
<status status="PASS" start="2024-05-05T17:28:29.005734" elapsed="0.101001"/>
</kw>
<kw name="Input Text" owner="SeleniumLibrary">
<msg time="2024-05-05T17:28:29.106735" level="INFO">Typing text 'Georgia' into text field '//input[@name="state"]'.</msg>
<arg>//input[@name="state"]</arg>
<arg>${Passenger_State}</arg>
<doc>Types the given ``text`` into the text field identified by ``locator``.</doc>
<status status="PASS" start="2024-05-05T17:28:29.106735" elapsed="0.126941"/>
</kw>
<kw name="Input Text" owner="SeleniumLibrary">
<msg time="2024-05-05T17:28:29.233676" level="INFO">Typing text '30311' into text field '//input[@name="zipCode"]'.</msg>
<arg>//input[@name="zipCode"]</arg>
<arg>${Passenger_zipCode}</arg>
<doc>Types the given ``text`` into the text field identified by ``locator``.</doc>
<status status="PASS" start="2024-05-05T17:28:29.233676" elapsed="0.124240"/>
</kw>
<kw name="Page Should Contain List" owner="SeleniumLibrary">
<msg time="2024-05-05T17:28:29.381706" level="INFO">Current page contains list '//select[@name="cardType"]'.</msg>
<arg>//select[@name="cardType"]</arg>
<doc>Verifies selection list ``locator`` is found from current page.</doc>
<status status="PASS" start="2024-05-05T17:28:29.361855" elapsed="0.019851"/>
</kw>
<kw name="Select From List By Value" owner="SeleniumLibrary">
<msg time="2024-05-05T17:28:29.382791" level="INFO">Selecting options from selection list '//select[@name="cardType"]' by value visa.</msg>
<arg>//select[@name="cardType"]</arg>
<arg>${creditCardType}</arg>
<doc>Selects options from selection list ``locator`` by ``values``.</doc>
<status status="PASS" start="2024-05-05T17:28:29.382791" elapsed="0.028759"/>
</kw>
<kw name="Input Text" owner="SeleniumLibrary">
<msg time="2024-05-05T17:28:29.411550" level="INFO">Typing text '5048374655197470' into text field '//input[@name="creditCardNumber"]'.</msg>
<arg>//input[@name="creditCardNumber"]</arg>
<arg>${creditCard}</arg>
<doc>Types the given ``text`` into the text field identified by ``locator``.</doc>
<status status="PASS" start="2024-05-05T17:28:29.411550" elapsed="0.161918"/>
</kw>
<kw name="Input Text" owner="SeleniumLibrary">
<msg time="2024-05-05T17:28:29.576011" level="INFO">Typing text '4' into text field '//input[@name='creditCardMonth']'.</msg>
<arg>//input[@name='creditCardMonth']</arg>
<arg>${creditCardMonth}</arg>
<doc>Types the given ``text`` into the text field identified by ``locator``.</doc>
<status status="PASS" start="2024-05-05T17:28:29.574573" elapsed="0.121983"/>
</kw>
<kw name="Input Text" owner="SeleniumLibrary">
<msg time="2024-05-05T17:28:29.698633" level="INFO">Typing text '2008' into text field '//input[@name="creditCardYear"]'.</msg>
<arg>//input[@name="creditCardYear"]</arg>
<arg>${creditCardYear}</arg>
<doc>Types the given ``text`` into the text field identified by ``locator``.</doc>
<status status="PASS" start="2024-05-05T17:28:29.698112" elapsed="0.090553"/>
</kw>
<kw name="Input Text" owner="SeleniumLibrary">
<msg time="2024-05-05T17:28:29.790523" level="INFO">Typing text 'Rainer Leahy' into text field '//input[@name="nameOnCard"]'.</msg>
<arg>//input[@name="nameOnCard"]</arg>
<arg>${Passenger_Full_Name}</arg>
<doc>Types the given ``text`` into the text field identified by ``locator``.</doc>
<status status="PASS" start="2024-05-05T17:28:29.790018" elapsed="0.120803"/>
</kw>
<kw name="Click Element" owner="SeleniumLibrary">
<msg time="2024-05-05T17:28:29.912713" level="INFO">Clicking element '//input[@name="rememberMe"]'.</msg>
<arg>//input[@name="rememberMe"]</arg>
<doc>Click the element identified by ``locator``.</doc>
<status status="PASS" start="2024-05-05T17:28:29.912211" elapsed="0.058644"/>
</kw>
<kw name="Click Element" owner="SeleniumLibrary">
<msg time="2024-05-05T17:28:29.971960" level="INFO">Clicking element '//input[@class="btn btn-primary"]'.</msg>
<arg>${Purchase_Flight_Btn}</arg>
<doc>Click the element identified by ``locator``.</doc>
<status status="PASS" start="2024-05-05T17:28:29.971960" elapsed="0.700300"/>
</kw>
<kw name="Page Should Contain" owner="SeleniumLibrary">
<msg time="2024-05-05T17:28:30.698771" level="INFO">Current page contains text 'Thank you for your purchase today!'.</msg>
<arg>Thank you for your purchase today!</arg>
<doc>Verifies that current page contains ``text``.</doc>
<status status="PASS" start="2024-05-05T17:28:30.676493" elapsed="0.022278"/>
</kw>
<kw name="Get Text" owner="SeleniumLibrary">
<msg time="2024-05-05T17:28:30.725669" level="INFO">${Purchase_Id} = 1714910311429</msg>
<var>${Purchase_Id}</var>
<arg>${webtable}</arg>
<doc>Returns the text value of the element identified by ``locator``.</doc>
<status status="PASS" start="2024-05-05T17:28:30.701701" elapsed="0.023968"/>
</kw>
<kw name="Log" owner="BuiltIn">
<msg time="2024-05-05T17:28:30.725669" level="INFO">1714910311429</msg>
<arg>${Purchase_Id}</arg>
<doc>Logs the given message with the given level.</doc>
<status status="PASS" start="2024-05-05T17:28:30.725669" elapsed="0.000000"/>
</kw>
<arg>Departure_City=Portland</arg>
<arg>Destination_City=Berlin</arg>
<arg>Passenger_Full_Name=Rainer Leahy</arg>
<arg>Passenger_Address=2238 Melby Pass</arg>
<arg>Passenger_City=Atlanta</arg>
<arg>Passenger_State=Georgia</arg>
<arg>Passenger_zipCode=30311</arg>
<arg>creditCardType=visa</arg>
<arg>creditCard=5048374655197470</arg>
<arg>creditCardMonth=4</arg>
<arg>creditCardYear=2008</arg>
<status status="PASS" start="2024-05-05T17:28:26.520908" elapsed="4.210523"/>
</kw>
<kw name="Close existing Browser session" type="TEARDOWN">
<kw name="Close Browser" owner="SeleniumLibrary">
<doc>Closes the current browser.</doc>
<status status="PASS" start="2024-05-05T17:28:30.731926" elapsed="2.192563"/>
</kw>
<status status="PASS" start="2024-05-05T17:28:30.731926" elapsed="2.192563"/>
</kw>
<status status="PASS" start="2024-05-05T17:28:21.569897" elapsed="11.354592"/>
</test>
<test id="s1-s1-t5" name="E2E Blazedemo Parametrised Test for user Earvin Scampion with visa and 5048377701427230" line="22">
<kw name="Open the browser with the url" type="SETUP">
<kw name="Create Webdriver" owner="SeleniumLibrary">
<msg time="2024-05-05T17:28:32.924489" level="INFO">Creating an instance of the Chrome WebDriver.</msg>
<arg>${browser_name}</arg>
<doc>Creates an instance of Selenium WebDriver.</doc>
<status status="PASS" start="2024-05-05T17:28:32.924489" elapsed="1.744461"/>
</kw>
<kw name="Go To" owner="SeleniumLibrary">
<msg time="2024-05-05T17:28:34.672532" level="INFO">Opening url 'https://blazedemo.com/'</msg>
<arg>${url}</arg>
<doc>Navigates the current browser window to the provided ``url``.</doc>
<status status="PASS" start="2024-05-05T17:28:34.671909" elapsed="1.320839"/>
</kw>
<kw name="Maximize Browser Window" owner="SeleniumLibrary">
<doc>Maximizes current browser window.</doc>
<status status="PASS" start="2024-05-05T17:28:35.994201" elapsed="0.046607"/>
</kw>
<status status="PASS" start="2024-05-05T17:28:32.924489" elapsed="3.116319"/>
</kw>
<kw name="Passenger Details fill up and verification">
<kw name="Page Should Contain" owner="SeleniumLibrary">
<msg time="2024-05-05T17:28:36.062323" level="INFO">Current page contains text 'Welcome to the Simple Travel Agency!'.</msg>
<arg>Welcome to the Simple Travel Agency!</arg>
<doc>Verifies that current page contains ``text``.</doc>
<status status="PASS" start="2024-05-05T17:28:36.046482" elapsed="0.015841"/>
</kw>
<kw name="Select From List By Value" owner="SeleniumLibrary">
<msg time="2024-05-05T17:28:36.097194" level="INFO">Selecting options from selection list '//select[@name="fromPort"]' by value San Diego.</msg>
<arg>//select[@name="fromPort"]</arg>
<arg>${Departure_City}</arg>
<doc>Selects options from selection list ``locator`` by ``values``.</doc>
<status status="PASS" start="2024-05-05T17:28:36.096691" elapsed="0.105242"/>
</kw>
<kw name="Select From List By Value" owner="SeleniumLibrary">
<msg time="2024-05-05T17:28:36.214905" level="INFO">Selecting options from selection list '//select[@name="toPort"]' by value New York.</msg>
<arg>//select[@name="toPort"]</arg>
<arg>${Destination_City}</arg>
<doc>Selects options from selection list ``locator`` by ``values``.</doc>
<status status="PASS" start="2024-05-05T17:28:36.214408" elapsed="0.063856"/>
</kw>
<kw name="Set Global Variable" owner="BuiltIn">
<msg time="2024-05-05T17:28:36.280818" level="INFO">${Departure_City} = San Diego</msg>
<arg>${Departure_City}</arg>
<doc>Makes a variable available globally in all tests and suites.</doc>
<status status="PASS" start="2024-05-05T17:28:36.280321" elapsed="0.000497"/>
</kw>
<kw name="Set Global Variable" owner="BuiltIn">
<msg time="2024-05-05T17:28:36.283135" level="INFO">${Destination_City} = New York</msg>
<arg>${Destination_City}</arg>
<doc>Makes a variable available globally in all tests and suites.</doc>
<status status="PASS" start="2024-05-05T17:28:36.282632" elapsed="0.000503"/>
</kw>
<kw name="Click Element" owner="SeleniumLibrary">
<msg time="2024-05-05T17:28:36.285122" level="INFO">Clicking element '//input[@class="btn btn-primary"]'.</msg>
<arg>${FindFlights_Btn}</arg>
<doc>Click the element identified by ``locator``.</doc>
<status status="PASS" start="2024-05-05T17:28:36.285122" elapsed="0.558143"/>
</kw>
<kw name="Page Should Contain" owner="SeleniumLibrary">
<msg time="2024-05-05T17:28:36.893968" level="INFO">Current page contains text 'Flights from San Diego to New York:'.</msg>
<arg>Flights from ${Departure_City} to ${Destination_City}:</arg>
<doc>Verifies that current page contains ``text``.</doc>
<status status="PASS" start="2024-05-05T17:28:36.844819" elapsed="0.049149"/>
</kw>
<kw name="Get Element Count" owner="SeleniumLibrary">
<msg time="2024-05-05T17:28:36.905786" level="INFO">${rows} = 5</msg>
<var>${rows}</var>
<arg>xpath://table[@class='table']/tbody/tr</arg>
<doc>Returns the number of elements matching ``locator``.</doc>
<status status="PASS" start="2024-05-05T17:28:36.895980" elapsed="0.009806"/>
</kw>
<kw name="Log" owner="BuiltIn">
<msg time="2024-05-05T17:28:36.905786" level="INFO">5</msg>
<arg>${rows}</arg>
<doc>Logs the given message with the given level.</doc>
<status status="PASS" start="2024-05-05T17:28:36.905786" elapsed="0.000000"/>
</kw>
<kw name="Get Element Count" owner="SeleniumLibrary">
<msg time="2024-05-05T17:28:36.918728" level="INFO">${columns} = 6</msg>
<var>${columns}</var>
<arg>xpath://table[@class='table']/tbody/tr[1]/td</arg>
<doc>Returns the number of elements matching ``locator``.</doc>
<status status="PASS" start="2024-05-05T17:28:36.905786" elapsed="0.012942"/>
</kw>
<kw name="Log" owner="BuiltIn">
<msg time="2024-05-05T17:28:36.934469" level="INFO">6</msg>
<arg>${columns}</arg>
<doc>Logs the given message with the given level.</doc>
<status status="PASS" start="2024-05-05T17:28:36.933969" elapsed="0.000500"/>
</kw>
<kw name="Get Text" owner="SeleniumLibrary">
<msg time="2024-05-05T17:28:36.973819" level="INFO">${flight_name} = United Airlines</msg>
<var>${flight_name}</var>
<arg>xpath://table[@class='table']/tbody/tr[2]/td[3]</arg>
<doc>Returns the text value of the element identified by ``locator``.</doc>
<status status="PASS" start="2024-05-05T17:28:36.936739" elapsed="0.037080"/>
</kw>
<kw name="Should Be Equal As Strings" owner="BuiltIn">
<arg>${flight_name}</arg>
<arg>United Airlines</arg>
<doc>Fails if objects are unequal after converting them to strings.</doc>
<status status="PASS" start="2024-05-05T17:28:36.976821" elapsed="0.000523"/>
</kw>
<kw name="Element Text Should Be" owner="SeleniumLibrary">
<msg time="2024-05-05T17:28:36.977344" level="INFO">Verifying element 'xpath:(//table[@class='table'])/tbody/tr[1]/td[3]' contains exact text 'Virgin America'.</msg>
<arg>${First_Flight_Vendor}</arg>
<arg>Virgin America</arg>
<doc>Verifies that element ``locator`` contains exact the text ``expected``.</doc>
<status status="PASS" start="2024-05-05T17:28:36.977344" elapsed="0.010787"/>
</kw>
<kw name="Table Header Should Contain" owner="SeleniumLibrary">
<arg>xpath://table[@class='table']</arg>
<arg>Flight #</arg>
<doc>Verifies table header contains text ``expected``.</doc>
<status status="PASS" start="2024-05-05T17:28:36.988131" elapsed="0.093910"/>
</kw>
<kw name="Table Row Should Contain" owner="SeleniumLibrary">
<arg>xpath://table[@class='table']</arg>
<arg>3</arg>
<arg>9696</arg>
<doc>Verifies that table row contains text ``expected``.</doc>
<status status="PASS" start="2024-05-05T17:28:37.083144" elapsed="0.054365"/>
</kw>
<kw name="Table Column Should Contain" owner="SeleniumLibrary">
<arg>xpath://table[@class='table']</arg>
<arg>6</arg>
<arg>$472.56</arg>
<doc>Verifies table column contains text ``expected``.</doc>
<status status="PASS" start="2024-05-05T17:28:37.137509" elapsed="0.064073"/>
</kw>
<kw name="Table Cell Should Contain" owner="SeleniumLibrary">
<msg time="2024-05-05T17:28:37.294001" level="INFO">Table cell contains 'Lufthansa'.</msg>
<arg>xpath://table[@class='table']</arg>
<arg>6</arg>
<arg>3</arg>
<arg>Lufthansa</arg>
<doc>Verifies table cell contains text ``expected``.</doc>
<status status="PASS" start="2024-05-05T17:28:37.201582" elapsed="0.092554"/>
</kw>
<kw name="Click Element" owner="SeleniumLibrary">
<msg time="2024-05-05T17:28:37.295450" level="INFO">Clicking element 'xpath:(//input[@class="btn btn-small"])[2]'.</msg>
<arg>${Reserve_Page_Btn}</arg>
<doc>Click the element identified by ``locator``.</doc>
<status status="PASS" start="2024-05-05T17:28:37.295450" elapsed="0.589427"/>
</kw>
<kw name="Page Should Contain" owner="SeleniumLibrary">
<msg time="2024-05-05T17:28:37.901447" level="INFO">Current page contains text 'Your flight from TLV to SFO has been reserved.'.</msg>
<arg>Your flight from TLV to SFO has been reserved.</arg>
<doc>Verifies that current page contains ``text``.</doc>
<status status="PASS" start="2024-05-05T17:28:37.886792" elapsed="0.014655"/>
</kw>
<kw name="Input Text" owner="SeleniumLibrary">
<msg time="2024-05-05T17:28:37.901447" level="INFO">Typing text 'Earvin Scampion' into text field '//input[@name="inputName"]'.</msg>
<arg>//input[@name="inputName"]</arg>
<arg>${Passenger_Full_Name}</arg>
<doc>Types the given ``text`` into the text field identified by ``locator``.</doc>
<status status="PASS" start="2024-05-05T17:28:37.901447" elapsed="0.106593"/>
</kw>
<kw name="Input Text" owner="SeleniumLibrary">
<msg time="2024-05-05T17:28:38.009335" level="INFO">Typing text '0 Jay Parkway' into text field '//input[@name="address"]'.</msg>
<arg>//input[@name="address"]</arg>
<arg>${Passenger_Address}</arg>
<doc>Types the given ``text`` into the text field identified by ``locator``.</doc>
<status status="PASS" start="2024-05-05T17:28:38.009335" elapsed="0.093808"/>
</kw>
<kw name="Input Text" owner="SeleniumLibrary">
<msg time="2024-05-05T17:28:38.105522" level="INFO">Typing text 'Terre Haute' into text field '//input[@name="city"]'.</msg>
<arg>//input[@name="city"]</arg>
<arg>${Passenger_City}</arg>
<doc>Types the given ``text`` into the text field identified by ``locator``.</doc>
<status status="PASS" start="2024-05-05T17:28:38.105024" elapsed="0.086136"/>
</kw>
<kw name="Input Text" owner="SeleniumLibrary">
<msg time="2024-05-05T17:28:38.193064" level="INFO">Typing text 'Indiana' into text field '//input[@name="state"]'.</msg>
<arg>//input[@name="state"]</arg>
<arg>${Passenger_State}</arg>
<doc>Types the given ``text`` into the text field identified by ``locator``.</doc>
<status status="PASS" start="2024-05-05T17:28:38.192563" elapsed="0.080979"/>
</kw>
<kw name="Input Text" owner="SeleniumLibrary">
<msg time="2024-05-05T17:28:38.276651" level="INFO">Typing text '47812' into text field '//input[@name="zipCode"]'.</msg>
<arg>//input[@name="zipCode"]</arg>
<arg>${Passenger_zipCode}</arg>
<doc>Types the given ``text`` into the text field identified by ``locator``.</doc>
<status status="PASS" start="2024-05-05T17:28:38.276153" elapsed="0.087152"/>
</kw>
<kw name="Page Should Contain List" owner="SeleniumLibrary">
<msg time="2024-05-05T17:28:38.386792" level="INFO">Current page contains list '//select[@name="cardType"]'.</msg>
<arg>//select[@name="cardType"]</arg>
<doc>Verifies selection list ``locator`` is found from current page.</doc>
<status status="PASS" start="2024-05-05T17:28:38.365908" elapsed="0.020884"/>
</kw>
<kw name="Select From List By Value" owner="SeleniumLibrary">
<msg time="2024-05-05T17:28:38.386792" level="INFO">Selecting options from selection list '//select[@name="cardType"]' by value visa.</msg>
<arg>//select[@name="cardType"]</arg>
<arg>${creditCardType}</arg>
<doc>Selects options from selection list ``locator`` by ``values``.</doc>
<status status="PASS" start="2024-05-05T17:28:38.386792" elapsed="0.082797"/>
</kw>
<kw name="Input Text" owner="SeleniumLibrary">
<msg time="2024-05-05T17:28:38.472161" level="INFO">Typing text '5048377701427230' into text field '//input[@name="creditCardNumber"]'.</msg>
<arg>//input[@name="creditCardNumber"]</arg>
<arg>${creditCard}</arg>
<doc>Types the given ``text`` into the text field identified by ``locator``.</doc>
<status status="PASS" start="2024-05-05T17:28:38.471560" elapsed="0.153925"/>
</kw>
<kw name="Input Text" owner="SeleniumLibrary">
<msg time="2024-05-05T17:28:38.628102" level="INFO">Typing text '5' into text field '//input[@name='creditCardMonth']'.</msg>
<arg>//input[@name='creditCardMonth']</arg>
<arg>${creditCardMonth}</arg>
<doc>Types the given ``text`` into the text field identified by ``locator``.</doc>
<status status="PASS" start="2024-05-05T17:28:38.627595" elapsed="0.160951"/>
</kw>
<kw name="Input Text" owner="SeleniumLibrary">
<msg time="2024-05-05T17:28:38.791379" level="INFO">Typing text '1999' into text field '//input[@name="creditCardYear"]'.</msg>
<arg>//input[@name="creditCardYear"]</arg>
<arg>${creditCardYear}</arg>
<doc>Types the given ``text`` into the text field identified by ``locator``.</doc>
<status status="PASS" start="2024-05-05T17:28:38.791379" elapsed="0.155659"/>
</kw>
<kw name="Input Text" owner="SeleniumLibrary">
<msg time="2024-05-05T17:28:38.948781" level="INFO">Typing text 'Earvin Scampion' into text field '//input[@name="nameOnCard"]'.</msg>
<arg>//input[@name="nameOnCard"]</arg>
<arg>${Passenger_Full_Name}</arg>
<doc>Types the given ``text`` into the text field identified by ``locator``.</doc>
<status status="PASS" start="2024-05-05T17:28:38.948273" elapsed="0.146756"/>
</kw>
<kw name="Click Element" owner="SeleniumLibrary">
<msg time="2024-05-05T17:28:39.096444" level="INFO">Clicking element '//input[@name="rememberMe"]'.</msg>
<arg>//input[@name="rememberMe"]</arg>
<doc>Click the element identified by ``locator``.</doc>
<status status="PASS" start="2024-05-05T17:28:39.096444" elapsed="0.062688"/>
</kw>
<kw name="Click Element" owner="SeleniumLibrary">
<msg time="2024-05-05T17:28:39.160951" level="INFO">Clicking element '//input[@class="btn btn-primary"]'.</msg>
<arg>${Purchase_Flight_Btn}</arg>
<doc>Click the element identified by ``locator``.</doc>
<status status="PASS" start="2024-05-05T17:28:39.160951" elapsed="0.741818"/>
</kw>
<kw name="Page Should Contain" owner="SeleniumLibrary">
<msg time="2024-05-05T17:28:39.928917" level="INFO">Current page contains text 'Thank you for your purchase today!'.</msg>
<arg>Thank you for your purchase today!</arg>
<doc>Verifies that current page contains ``text``.</doc>
<status status="PASS" start="2024-05-05T17:28:39.905302" elapsed="0.023615"/>
</kw>
<kw name="Get Text" owner="SeleniumLibrary">
<msg time="2024-05-05T17:28:39.961762" level="INFO">${Purchase_Id} = 1714910320176</msg>
<var>${Purchase_Id}</var>
<arg>${webtable}</arg>
<doc>Returns the text value of the element identified by ``locator``.</doc>
<status status="PASS" start="2024-05-05T17:28:39.931933" elapsed="0.029829"/>
</kw>
<kw name="Log" owner="BuiltIn">
<msg time="2024-05-05T17:28:39.963647" level="INFO">1714910320176</msg>
<arg>${Purchase_Id}</arg>
<doc>Logs the given message with the given level.</doc>
<status status="PASS" start="2024-05-05T17:28:39.963145" elapsed="0.000502"/>
</kw>
<arg>Departure_City=San Diego</arg>
<arg>Destination_City=New York</arg>
<arg>Passenger_Full_Name=Earvin Scampion</arg>
<arg>Passenger_Address=0 Jay Parkway</arg>
<arg>Passenger_City=Terre Haute</arg>
<arg>Passenger_State=Indiana</arg>
<arg>Passenger_zipCode=47812</arg>
<arg>creditCardType=visa</arg>
<arg>creditCard=5048377701427230</arg>
<arg>creditCardMonth=5</arg>
<arg>creditCardYear=1999</arg>
<status status="PASS" start="2024-05-05T17:28:36.040808" elapsed="3.924505"/>
</kw>
<kw name="Close existing Browser session" type="TEARDOWN">
<kw name="Close Browser" owner="SeleniumLibrary">
<doc>Closes the current browser.</doc>
<status status="PASS" start="2024-05-05T17:28:39.966453" elapsed="2.163723"/>
</kw>
<status status="PASS" start="2024-05-05T17:28:39.965723" elapsed="2.164453"/>
</kw>
<status status="PASS" start="2024-05-05T17:28:32.924489" elapsed="9.205687"/>
</test>
<test id="s1-s1-t6" name="E2E Blazedemo Parametrised Test for user Melissa Groneway with visa and 5108756509069280" line="22">
<kw name="Open the browser with the url" type="SETUP">
<kw name="Create Webdriver" owner="SeleniumLibrary">
<msg time="2024-05-05T17:28:42.130176" level="INFO">Creating an instance of the Chrome WebDriver.</msg>
<arg>${browser_name}</arg>
<doc>Creates an instance of Selenium WebDriver.</doc>
<status status="PASS" start="2024-05-05T17:28:42.130176" elapsed="1.795728"/>
</kw>
<kw name="Go To" owner="SeleniumLibrary">
<msg time="2024-05-05T17:28:43.929001" level="INFO">Opening url 'https://blazedemo.com/'</msg>
<arg>${url}</arg>
<doc>Navigates the current browser window to the provided ``url``.</doc>
<status status="PASS" start="2024-05-05T17:28:43.928058" elapsed="1.262622"/>
</kw>
<kw name="Maximize Browser Window" owner="SeleniumLibrary">
<doc>Maximizes current browser window.</doc>
<status status="PASS" start="2024-05-05T17:28:45.192243" elapsed="0.035706"/>
</kw>
<status status="PASS" start="2024-05-05T17:28:42.130176" elapsed="3.097773"/>
</kw>
<kw name="Passenger Details fill up and verification">
<kw name="Page Should Contain" owner="SeleniumLibrary">
<msg time="2024-05-05T17:28:45.252183" level="INFO">Current page contains text 'Welcome to the Simple Travel Agency!'.</msg>
<arg>Welcome to the Simple Travel Agency!</arg>
<doc>Verifies that current page contains ``text``.</doc>
<status status="PASS" start="2024-05-05T17:28:45.228786" elapsed="0.023397"/>
</kw>
<kw name="Select From List By Value" owner="SeleniumLibrary">
<msg time="2024-05-05T17:28:45.260838" level="INFO">Selecting options from selection list '//select[@name="fromPort"]' by value Mexico City.</msg>
<arg>//select[@name="fromPort"]</arg>
<arg>${Departure_City}</arg>
<doc>Selects options from selection list ``locator`` by ``values``.</doc>
<status status="PASS" start="2024-05-05T17:28:45.260340" elapsed="0.114721"/>
</kw>
<kw name="Select From List By Value" owner="SeleniumLibrary">
<msg time="2024-05-05T17:28:45.377448" level="INFO">Selecting options from selection list '//select[@name="toPort"]' by value Dublin.</msg>
<arg>//select[@name="toPort"]</arg>
<arg>${Destination_City}</arg>
<doc>Selects options from selection list ``locator`` by ``values``.</doc>
<status status="PASS" start="2024-05-05T17:28:45.376078" elapsed="0.063883"/>
</kw>
<kw name="Set Global Variable" owner="BuiltIn">
<msg time="2024-05-05T17:28:45.441561" level="INFO">${Departure_City} = Mexico City</msg>
<arg>${Departure_City}</arg>
<doc>Makes a variable available globally in all tests and suites.</doc>
<status status="PASS" start="2024-05-05T17:28:45.441561" elapsed="0.000000"/>
</kw>
<kw name="Set Global Variable" owner="BuiltIn">
<msg time="2024-05-05T17:28:45.444336" level="INFO">${Destination_City} = Dublin</msg>
<arg>${Destination_City}</arg>
<doc>Makes a variable available globally in all tests and suites.</doc>
<status status="PASS" start="2024-05-05T17:28:45.443476" elapsed="0.000960"/>
</kw>
<kw name="Click Element" owner="SeleniumLibrary">
<msg time="2024-05-05T17:28:45.456567" level="INFO">Clicking element '//input[@class="btn btn-primary"]'.</msg>
<arg>${FindFlights_Btn}</arg>
<doc>Click the element identified by ``locator``.</doc>
<status status="PASS" start="2024-05-05T17:28:45.456567" elapsed="0.724127"/>
</kw>
<kw name="Page Should Contain" owner="SeleniumLibrary">
<msg time="2024-05-05T17:28:46.195228" level="INFO">Current page contains text 'Flights from Mexico City to Dublin:'.</msg>
<arg>Flights from ${Departure_City} to ${Destination_City}:</arg>
<doc>Verifies that current page contains ``text``.</doc>
<status status="PASS" start="2024-05-05T17:28:46.183005" elapsed="0.012223"/>
</kw>
<kw name="Get Element Count" owner="SeleniumLibrary">
<msg time="2024-05-05T17:28:46.210970" level="INFO">${rows} = 5</msg>
<var>${rows}</var>
<arg>xpath://table[@class='table']/tbody/tr</arg>
<doc>Returns the number of elements matching ``locator``.</doc>
<status status="PASS" start="2024-05-05T17:28:46.195228" elapsed="0.015742"/>
</kw>
<kw name="Log" owner="BuiltIn">
<msg time="2024-05-05T17:28:46.224218" level="INFO">5</msg>
<arg>${rows}</arg>
<doc>Logs the given message with the given level.</doc>
<status status="PASS" start="2024-05-05T17:28:46.223721" elapsed="0.000497"/>
</kw>
<kw name="Get Element Count" owner="SeleniumLibrary">
[...]
</kw>
<status status="PASS" start="2024-05-05T17:31:07.472647" elapsed="0.031824"/>
</kw>
<kw name="Select Departure and Destination City and Navigate to Flight Reservation Page" owner="HomePage">
<kw name="Page Should Contain" owner="SeleniumLibrary">
<msg time="2024-05-05T17:31:07.532994" level="INFO">Current page contains text 'Welcome to the Simple Travel Agency!'.</msg>
<arg>Welcome to the Simple Travel Agency!</arg>
<doc>Verifies that current page contains ``text``.</doc>
<status status="PASS" start="2024-05-05T17:31:07.504471" elapsed="0.028686"/>
</kw>
<kw name="Select From List By Value" owner="SeleniumLibrary">
<msg time="2024-05-05T17:31:07.535099" level="INFO">Selecting options from selection list '//select[@name="fromPort"]' by value Paris.</msg>
<arg>//select[@name="fromPort"]</arg>
<arg>${Departure_City}</arg>
<doc>Selects options from selection list ``locator`` by ``values``.</doc>
<status status="PASS" start="2024-05-05T17:31:07.534596" elapsed="0.038144"/>
</kw>
<kw name="Select From List By Value" owner="SeleniumLibrary">
<msg time="2024-05-05T17:31:07.572740" level="INFO">Selecting options from selection list '//select[@name="toPort"]' by value London.</msg>
<arg>//select[@name="toPort"]</arg>
<arg>${Destination_City}</arg>
<doc>Selects options from selection list ``locator`` by ``values``.</doc>
<status status="PASS" start="2024-05-05T17:31:07.572740" elapsed="0.073943"/>
</kw>
<kw name="Set Global Variable" owner="BuiltIn">
<msg time="2024-05-05T17:31:07.648849" level="INFO">${Departure_City} = Paris</msg>
<arg>${Departure_City}</arg>
<doc>Makes a variable available globally in all tests and suites.</doc>
<status status="PASS" start="2024-05-05T17:31:07.648469" elapsed="0.000380"/>
</kw>
<kw name="Set Global Variable" owner="BuiltIn">
<msg time="2024-05-05T17:31:07.651650" level="INFO">${Destination_City} = London</msg>
<arg>${Destination_City}</arg>
<doc>Makes a variable available globally in all tests and suites.</doc>
<status status="PASS" start="2024-05-05T17:31:07.651149" elapsed="0.000501"/>
</kw>
<kw name="Click Element" owner="SeleniumLibrary">
<msg time="2024-05-05T17:31:07.654151" level="INFO">Clicking element '//input[@class="btn btn-primary"]'.</msg>
<arg>${FindFlights_Btn}</arg>
<doc>Click the element identified by ``locator``.</doc>
<status status="PASS" start="2024-05-05T17:31:07.653660" elapsed="0.647988"/>
</kw>
<arg>${Departure_City}</arg>
<arg>${Destination_City}</arg>
<status status="PASS" start="2024-05-05T17:31:07.504471" elapsed="0.799096"/>
</kw>
<kw name="Wait until Element is located in the page" owner="ReservationPage">
<kw name="Wait Until element passed is located on Page" owner="CommonMethod">
<kw name="Wait Until Element Is Visible" owner="SeleniumLibrary">
<arg>${page_locator}</arg>
<arg>timeout=10</arg>
<doc>Waits until the element ``locator`` is visible.</doc>
<status status="PASS" start="2024-05-05T17:31:08.305696" elapsed="0.020652"/>
</kw>
<arg>${Reserve_Page_Btn}</arg>
<status status="PASS" start="2024-05-05T17:31:08.305275" elapsed="0.021073"/>
</kw>
<status status="PASS" start="2024-05-05T17:31:08.304230" elapsed="0.022118"/>
</kw>
<kw name="Extract Data From Flight Table and click to book Flight" owner="ReservationPage">
<kw name="Page Should Contain" owner="SeleniumLibrary">
<msg time="2024-05-05T17:31:08.359512" level="INFO">Current page contains text 'Flights from Paris to London:'.</msg>
<arg>Flights from ${Departure_City} to ${Destination_City}:</arg>
<doc>Verifies that current page contains ``text``.</doc>
<status status="PASS" start="2024-05-05T17:31:08.326348" elapsed="0.033164"/>
</kw>
<kw name="Get Element Count" owner="SeleniumLibrary">
<msg time="2024-05-05T17:31:08.379779" level="INFO">${rows} = 5</msg>
<var>${rows}</var>
<arg>xpath://table[@class='table']/tbody/tr</arg>
<doc>Returns the number of elements matching ``locator``.</doc>
<status status="PASS" start="2024-05-05T17:31:08.359512" elapsed="0.020267"/>
</kw>
<kw name="Log" owner="BuiltIn">
<msg time="2024-05-05T17:31:08.383205" level="INFO">5</msg>
<arg>${rows}</arg>
<doc>Logs the given message with the given level.</doc>
<status status="PASS" start="2024-05-05T17:31:08.382615" elapsed="0.001090"/>
</kw>
<kw name="Get Element Count" owner="SeleniumLibrary">
<msg time="2024-05-05T17:31:08.394817" level="INFO">${columns} = 6</msg>
<var>${columns}</var>
<arg>xpath://table[@class='table']/tbody/tr[1]/td</arg>
<doc>Returns the number of elements matching ``locator``.</doc>
<status status="PASS" start="2024-05-05T17:31:08.385288" elapsed="0.009529"/>
</kw>
<kw name="Log" owner="BuiltIn">
<msg time="2024-05-05T17:31:08.406272" level="INFO">6</msg>
<arg>${columns}</arg>
<doc>Logs the given message with the given level.</doc>
<status status="PASS" start="2024-05-05T17:31:08.405773" elapsed="0.000499"/>
</kw>
<kw name="Get Text" owner="SeleniumLibrary">
<msg time="2024-05-05T17:31:08.429406" level="INFO">${flight_name} = United Airlines</msg>
<var>${flight_name}</var>
<arg>xpath://table[@class='table']/tbody/tr[2]/td[3]</arg>
<doc>Returns the text value of the element identified by ``locator``.</doc>
<status status="PASS" start="2024-05-05T17:31:08.407597" elapsed="0.021809"/>
</kw>
<kw name="Should Be Equal As Strings" owner="BuiltIn">
<arg>${flight_name}</arg>
<arg>United Airlines</arg>
<doc>Fails if objects are unequal after converting them to strings.</doc>
<status status="PASS" start="2024-05-05T17:31:08.429406" elapsed="0.000000"/>
</kw>
<kw name="Element Text Should Be" owner="SeleniumLibrary">
<msg time="2024-05-05T17:31:08.429406" level="INFO">Verifying element 'xpath:(//table[@class='table'])/tbody/tr[1]/td[3]' contains exact text 'Virgin America'.</msg>
<arg>${First_Flight_Vendor}</arg>
<arg>Virgin America</arg>
<doc>Verifies that element ``locator`` contains exact the text ``expected``.</doc>
<status status="PASS" start="2024-05-05T17:31:08.429406" elapsed="0.032347"/>
</kw>
<kw name="Table Header Should Contain" owner="SeleniumLibrary">
<arg>xpath://table[@class='table']</arg>
<arg>Flight #</arg>
<doc>Verifies table header contains text ``expected``.</doc>
<status status="PASS" start="2024-05-05T17:31:08.477230" elapsed="0.066736"/>
</kw>
<kw name="Table Row Should Contain" owner="SeleniumLibrary">
<arg>xpath://table[@class='table']</arg>
<arg>3</arg>
<arg>9696</arg>
<doc>Verifies that table row contains text ``expected``.</doc>
<status status="PASS" start="2024-05-05T17:31:08.543966" elapsed="0.017908"/>
</kw>
<kw name="Table Column Should Contain" owner="SeleniumLibrary">
<arg>xpath://table[@class='table']</arg>
<arg>6</arg>
<arg>$472.56</arg>
<doc>Verifies table column contains text ``expected``.</doc>
<status status="PASS" start="2024-05-05T17:31:08.577241" elapsed="0.048971"/>
</kw>
<kw name="Table Cell Should Contain" owner="SeleniumLibrary">
<msg time="2024-05-05T17:31:08.673320" level="INFO">Table cell contains 'Lufthansa'.</msg>
<arg>xpath://table[@class='table']</arg>
<arg>6</arg>
<arg>3</arg>
<arg>Lufthansa</arg>
<doc>Verifies table cell contains text ``expected``.</doc>
<status status="PASS" start="2024-05-05T17:31:08.626212" elapsed="0.047108"/>
</kw>
<kw name="Click Element" owner="SeleniumLibrary">
<msg time="2024-05-05T17:31:08.673320" level="INFO">Clicking element 'xpath:(//input[@class="btn btn-small"])[2]'.</msg>
<arg>${Reserve_Page_Btn}</arg>
<doc>Click the element identified by ``locator``.</doc>
<status status="PASS" start="2024-05-05T17:31:08.673320" elapsed="0.538819"/>
</kw>
<status status="PASS" start="2024-05-05T17:31:08.326348" elapsed="0.887020"/>
</kw>
<kw name="Wait until Element is located in the page" owner="FlightPurchasePage">
<kw name="Wait Until element passed is located on Page" owner="CommonMethod">
<kw name="Wait Until Element Is Visible" owner="SeleniumLibrary">
<arg>${page_locator}</arg>
<arg>timeout=10</arg>
<doc>Waits until the element ``locator`` is visible.</doc>
<status status="PASS" start="2024-05-05T17:31:09.214717" elapsed="0.012337"/>
</kw>
<arg>${Purchase_Flight_Btn}</arg>
<status status="PASS" start="2024-05-05T17:31:09.214717" elapsed="0.012337"/>
</kw>
<status status="PASS" start="2024-05-05T17:31:09.213368" elapsed="0.013686"/>
</kw>
<kw name="Verify Credit Card Type in the Purchase page" owner="FlightPurchasePage">
<kw name="Create List" owner="BuiltIn">
<msg time="2024-05-05T17:31:09.227054" level="INFO">@{expectedList} = [ Visa | American Express | Diner's Club ]</msg>
<var>@{expectedList}</var>
<arg>Visa</arg>
<arg>American Express</arg>
<arg>Diner's Club</arg>
<doc>Returns a list containing given items.</doc>
<status status="PASS" start="2024-05-05T17:31:09.227054" elapsed="0.000000"/>
</kw>
<kw name="Get List Items" owner="SeleniumLibrary">
<msg time="2024-05-05T17:31:09.310889" level="INFO">${elements} = ['Visa', 'American Express', "Diner's Club"]</msg>
<var>${elements}</var>
<arg>xpath://select[@name="cardType"]</arg>
<doc>Returns all labels or values of selection list ``locator``.</doc>
<status status="PASS" start="2024-05-05T17:31:09.227054" elapsed="0.083835"/>
</kw>
<kw name="Create List" owner="BuiltIn">
<msg time="2024-05-05T17:31:09.312493" level="INFO">@{actualList} = [ ]</msg>
<var>@{actualList}</var>
<doc>Returns a list containing given items.</doc>
<status status="PASS" start="2024-05-05T17:31:09.312493" elapsed="0.000516"/>
</kw>
<for flavor="IN">
<iter>
<kw name="Log" owner="BuiltIn">
<msg time="2024-05-05T17:31:09.314248" level="INFO">Visa</msg>
<arg>${element}</arg>
<doc>Logs the given message with the given level.</doc>
<status status="PASS" start="2024-05-05T17:31:09.314248" elapsed="0.000000"/>
</kw>
<kw name="Append To List" owner="Collections">
<arg>${actualList}</arg>
<arg>${element}</arg>
<doc>Adds ``values`` to the end of ``list``.</doc>
<status status="PASS" start="2024-05-05T17:31:09.315249" elapsed="0.000000"/>
</kw>
<var name="${element}">Visa</var>
<status status="PASS" start="2024-05-05T17:31:09.313733" elapsed="0.001516"/>
</iter>
<iter>
<kw name="Log" owner="BuiltIn">
<msg time="2024-05-05T17:31:09.316272" level="INFO">American Express</msg>
<arg>${element}</arg>
<doc>Logs the given message with the given level.</doc>
<status status="PASS" start="2024-05-05T17:31:09.315249" elapsed="0.001023"/>
</kw>
<kw name="Append To List" owner="Collections">
<arg>${actualList}</arg>
<arg>${element}</arg>
<doc>Adds ``values`` to the end of ``list``.</doc>
<status status="PASS" start="2024-05-05T17:31:09.317865" elapsed="0.000000"/>
</kw>
<var name="${element}">American Express</var>
<status status="PASS" start="2024-05-05T17:31:09.315249" elapsed="0.002616"/>
</iter>
<iter>
<kw name="Log" owner="BuiltIn">
<msg time="2024-05-05T17:31:09.317865" level="INFO">Diner's Club</msg>
<arg>${element}</arg>
<doc>Logs the given message with the given level.</doc>
<status status="PASS" start="2024-05-05T17:31:09.317865" elapsed="0.000000"/>
</kw>
<kw name="Append To List" owner="Collections">
<arg>${actualList}</arg>
<arg>${element}</arg>
<doc>Adds ``values`` to the end of ``list``.</doc>
<status status="PASS" start="2024-05-05T17:31:09.319646" elapsed="0.000000"/>
</kw>
<var name="${element}">Diner's Club</var>
<status status="PASS" start="2024-05-05T17:31:09.317865" elapsed="0.001781"/>
</iter>
<var>${element}</var>
<value>@{elements}</value>
<status status="PASS" start="2024-05-05T17:31:09.313733" elapsed="0.005913"/>
</for>
<kw name="Lists Should Be Equal" owner="Collections">
<msg time="2024-05-05T17:31:09.319646" level="INFO">False</msg>
<arg>${expectedList}</arg>
<arg>${actualList}</arg>
<doc>Fails if given lists are unequal.</doc>
<status status="PASS" start="2024-05-05T17:31:09.319646" elapsed="0.000000"/>
</kw>
<status status="PASS" start="2024-05-05T17:31:09.227054" elapsed="0.094994"/>
</kw>
<kw name="Enter Passenger Details and Click on Purchase Flight Button to Confirmation Page" owner="FlightPurchasePage">
<kw name="Page Should Contain" owner="SeleniumLibrary">
<msg time="2024-05-05T17:31:09.335860" level="INFO">Current page contains text 'Your flight from TLV to SFO has been reserved.'.</msg>
<arg>Your flight from TLV to SFO has been reserved.</arg>
<doc>Verifies that current page contains ``text``.</doc>
<status status="PASS" start="2024-05-05T17:31:09.323207" elapsed="0.012653"/>
</kw>
<kw name="Input Text" owner="SeleniumLibrary">
<msg time="2024-05-05T17:31:09.338165" level="INFO">Typing text 'Heinrich Fuchs' into text field '//input[@name="inputName"]'.</msg>
<arg>//input[@name="inputName"]</arg>
<arg>${Passenger_Full_Name}</arg>
<doc>Types the given ``text`` into the text field identified by ``locator``.</doc>
<status status="PASS" start="2024-05-05T17:31:09.337647" elapsed="0.149427"/>
</kw>
<kw name="Input Text" owner="SeleniumLibrary">
<msg time="2024-05-05T17:31:09.489219" level="INFO">Typing text '78963 Parksdale Avenue' into text field '//input[@name="address"]'.</msg>
<arg>//input[@name="address"]</arg>
<arg>${Passenger_Address}</arg>
<doc>Types the given ``text`` into the text field identified by ``locator``.</doc>
<status status="PASS" start="2024-05-05T17:31:09.488716" elapsed="0.099854"/>
</kw>
<kw name="Input Text" owner="SeleniumLibrary">
<msg time="2024-05-05T17:31:09.590572" level="INFO">Typing text 'New Jersey' into text field '//input[@name="city"]'.</msg>
<arg>//input[@name="city"]</arg>
<arg>${Passenger_City}</arg>
<doc>Types the given ``text`` into the text field identified by ``locator``.</doc>
<status status="PASS" start="2024-05-05T17:31:09.590572" elapsed="0.079605"/>
</kw>
<kw name="Input Text" owner="SeleniumLibrary">
<msg time="2024-05-05T17:31:09.672529" level="INFO">Typing text 'Alabama' into text field '//input[@name="state"]'.</msg>
<arg>//input[@name="state"]</arg>
<arg>${Passenger_State}</arg>
<doc>Types the given ``text`` into the text field identified by ``locator``.</doc>
<status status="PASS" start="2024-05-05T17:31:09.672030" elapsed="0.119710"/>
</kw>
<kw name="Input Text" owner="SeleniumLibrary">
<msg time="2024-05-05T17:31:09.795293" level="INFO">Typing text '789632' into text field '//input[@name="zipCode"]'.</msg>
<arg>//input[@name="zipCode"]</arg>
<arg>${Passenger_zipCode}</arg>
<doc>Types the given ``text`` into the text field identified by ``locator``.</doc>
<status status="PASS" start="2024-05-05T17:31:09.794762" elapsed="0.085409"/>
</kw>
<kw name="Page Should Contain List" owner="SeleniumLibrary">
<msg time="2024-05-05T17:31:09.894413" level="INFO">Current page contains list '//select[@name="cardType"]'.</msg>
<arg>//select[@name="cardType"]</arg>
<doc>Verifies selection list ``locator`` is found from current page.</doc>
<status status="PASS" start="2024-05-05T17:31:09.882977" elapsed="0.011436"/>
</kw>
<kw name="Select From List By Value" owner="SeleniumLibrary">
<msg time="2024-05-05T17:31:09.894413" level="INFO">Selecting options from selection list '//select[@name="cardType"]' by value amex.</msg>
<arg>//select[@name="cardType"]</arg>
<arg>${creditCardType}</arg>
<doc>Selects options from selection list ``locator`` by ``values``.</doc>
<status status="PASS" start="2024-05-05T17:31:09.894413" elapsed="0.076882"/>
</kw>
<kw name="Input Text" owner="SeleniumLibrary">
<msg time="2024-05-05T17:31:09.978055" level="INFO">Typing text '74185296378945612' into text field '//input[@name="creditCardNumber"]'.</msg>
<arg>//input[@name="creditCardNumber"]</arg>
<arg>${creditCard}</arg>
<doc>Types the given ``text`` into the text field identified by ``locator``.</doc>
<status status="PASS" start="2024-05-05T17:31:09.977000" elapsed="0.088386"/>
</kw>
<kw name="Input Text" owner="SeleniumLibrary">
<msg time="2024-05-05T17:31:10.065386" level="INFO">Typing text '12' into text field '//input[@name='creditCardMonth']'.</msg>
<arg>//input[@name='creditCardMonth']</arg>
<arg>${creditCardMonth}</arg>
<doc>Types the given ``text`` into the text field identified by ``locator``.</doc>
<status status="PASS" start="2024-05-05T17:31:10.065386" elapsed="0.086309"/>
</kw>
<kw name="Input Text" owner="SeleniumLibrary">
<msg time="2024-05-05T17:31:10.162719" level="INFO">Typing text '2022' into text field '//input[@name="creditCardYear"]'.</msg>
<arg>//input[@name="creditCardYear"]</arg>
<arg>${creditCardYear}</arg>
<doc>Types the given ``text`` into the text field identified by ``locator``.</doc>
<status status="PASS" start="2024-05-05T17:31:10.162218" elapsed="0.083447"/>
</kw>
<kw name="Input Text" owner="SeleniumLibrary">
<msg time="2024-05-05T17:31:10.248571" level="INFO">Typing text 'Heinrich Fuchs' into text field '//input[@name="nameOnCard"]'.</msg>
<arg>//input[@name="nameOnCard"]</arg>
<arg>${Passenger_Full_Name}</arg>
<doc>Types the given ``text`` into the text field identified by ``locator``.</doc>
<status status="PASS" start="2024-05-05T17:31:10.248068" elapsed="0.081492"/>
</kw>
<kw name="Click Element" owner="SeleniumLibrary">
<msg time="2024-05-05T17:31:10.332062" level="INFO">Clicking element '//input[@name="rememberMe"]'.</msg>
<arg>//input[@name="rememberMe"]</arg>
<doc>Click the element identified by ``locator``.</doc>
<status status="PASS" start="2024-05-05T17:31:10.331559" elapsed="0.078671"/>
</kw>
<kw name="Click Element" owner="SeleniumLibrary">
<msg time="2024-05-05T17:31:10.411333" level="INFO">Clicking element '//input[@class="btn btn-primary"]'.</msg>
<arg>${Purchase_Flight_Btn}</arg>
<doc>Click the element identified by ``locator``.</doc>
<status status="PASS" start="2024-05-05T17:31:10.411333" elapsed="0.708156"/>
</kw>
<status status="PASS" start="2024-05-05T17:31:09.323207" elapsed="1.798409"/>
</kw>
<kw name="Confirm the Purchase" owner="FlightConfirmationPage">
<kw name="Page Should Contain" owner="SeleniumLibrary">
<msg time="2024-05-05T17:31:11.145220" level="INFO">Current page contains text 'Thank you for your purchase today!'.</msg>
<arg>Thank you for your purchase today!</arg>
<doc>Verifies that current page contains ``text``.</doc>
<status status="PASS" start="2024-05-05T17:31:11.122861" elapsed="0.022359"/>
</kw>
<kw name="Get Text" owner="SeleniumLibrary">
<msg time="2024-05-05T17:31:11.176764" level="INFO">${Purchase_Id} = 1714910471325</msg>
<var>${Purchase_Id}</var>
<arg>${webtable}</arg>
<doc>Returns the text value of the element identified by ``locator``.</doc>
<status status="PASS" start="2024-05-05T17:31:11.146255" elapsed="0.030509"/>
</kw>
<kw name="Log" owner="BuiltIn">
<msg time="2024-05-05T17:31:11.178848" level="INFO">1714910471325</msg>
<arg>${Purchase_Id}</arg>
<doc>Logs the given message with the given level.</doc>
<status status="PASS" start="2024-05-05T17:31:11.177851" elapsed="0.000997"/>
</kw>
<status status="PASS" start="2024-05-05T17:31:11.122861" elapsed="0.057307"/>
</kw>
<kw name="Close existing Browser session" owner="CommonMethod" type="TEARDOWN">
<kw name="Close Browser" owner="SeleniumLibrary">
<doc>Closes the current browser.</doc>
<status status="PASS" start="2024-05-05T17:31:11.180670" elapsed="2.170516"/>
</kw>
<status status="PASS" start="2024-05-05T17:31:11.180670" elapsed="2.171016"/>
</kw>
<doc>This Testcase executes entire E2E workflow for Blazedemo Sample Page</doc>
<tag>REGRESSION</tag>
<status status="PASS" start="2024-05-05T17:31:04.204469" elapsed="9.147217"/>
</test>
<doc>A test suite with a single test for BlazeDemo
Created by Subhadip Roy</doc>
<status status="PASS" start="2024-05-05T17:31:04.069926" elapsed="9.281760"/>
</suite>
<status status="PASS" start="2024-05-05T17:27:50.950009" elapsed="202.418112"/>
</suite>
<statistics>
<total>
<stat pass="21" fail="0" skip="0">All Tests</stat>
</total>
<tag>
<stat pass="1" fail="0" skip="0">REGRESSION</stat>
</tag>
<suite>
<stat pass="21" fail="0" skip="0" id="s1" name="BlazedemoPracticeProject">BlazedemoPracticeProject</stat>
<stat pass="20" fail="0" skip="0" id="s1-s1" name="ParameterTest">BlazedemoPracticeProject.ParameterTest</stat>
<stat pass="1" fail="0" skip="0" id="s1-s2" name="testBlazeDemo">BlazedemoPracticeProject.testBlazeDemo</stat>
</suite>
</statistics>
<errors>
</errors>
</robot>
