<?xml version="1.0" encoding="UTF-8"?>
<robot generator="Robot 7.0 (Python 3.12.3 on win32)" generated="2024-05-03T21:20:58.963516" rpa="false" schemaversion="5">
<suite id="s1" name="Tests" source="D:\Python Automation Framework\PythonFramework\RobotFramework\tests">
<suite id="s1-s1" name="PracticeProjectUITest" source="D:\Python Automation Framework\PythonFramework\RobotFramework\tests\PracticeProjectUITest">
<suite id="s1-s1-s1" name="testDemo3" source="D:\Python Automation Framework\PythonFramework\RobotFramework\tests\PracticeProjectUITest\testDemo3.robot">
<test id="s1-s1-s1-t1" name="Validate Unsuccessful login" line="19">
<kw name="open the browser with login page url" owner="Generic" type="SETUP">
<kw name="Create Webdriver" owner="SeleniumLibrary">
<msg time="2024-05-03T21:21:00.445541" level="INFO">Creating an instance of the Chrome WebDriver.</msg>
<arg>Chrome</arg>
<doc>Creates an instance of Selenium WebDriver.</doc>
<status status="PASS" start="2024-05-03T21:21:00.444541" elapsed="8.637249"/>
</kw>
<kw name="Go To" owner="SeleniumLibrary">
<msg time="2024-05-03T21:21:09.083152" level="INFO">Opening url 'https://rahulshettyacademy.com/loginpagePractise/'</msg>
<arg>${url}</arg>
<doc>Navigates the current browser window to the provided ``url``.</doc>
<status status="PASS" start="2024-05-03T21:21:09.082572" elapsed="0.920126"/>
</kw>
<status status="PASS" start="2024-05-03T21:21:00.442541" elapsed="9.560157"/>
</kw>
<kw name="Fill the login form">
<kw name="Input Text" owner="SeleniumLibrary">
<msg time="2024-05-03T21:21:10.007905" level="INFO">Typing text 'rahulshettyacademy' into text field 'id:username'.</msg>
<msg time="2024-05-03T21:21:11.497331" level="INFO" html="true">&lt;/td&gt;&lt;/tr&gt;&lt;tr&gt;&lt;td colspan="3"&gt;&lt;a href="selenium-screenshot-1.png"&gt;&lt;img src="selenium-screenshot-1.png" width="800px"&gt;&lt;/a&gt;</msg>
<msg time="2024-05-03T21:21:11.498330" level="FAIL">Element with locator 'id:username' not found.</msg>
<arg>id:username</arg>
<arg>${username}</arg>
<doc>Types the given ``text`` into the text field identified by ``locator``.</doc>
<status status="FAIL" start="2024-05-03T21:21:10.006408" elapsed="1.511304">Element with locator 'id:username' not found.</status>
</kw>
<kw name="Input Password" owner="SeleniumLibrary">
<arg>id:password</arg>
<arg>${password}</arg>
<doc>Types the given password into the text field identified by ``locator``.</doc>
<status status="NOT RUN" start="2024-05-03T21:21:11.518547" elapsed="0.005990"/>
</kw>
<kw name="Click Button" owner="SeleniumLibrary">
<arg>id:signInBtn</arg>
<doc>Clicks the button identified by ``locator``.</doc>
<status status="NOT RUN" start="2024-05-03T21:21:11.525973" elapsed="0.000575"/>
</kw>
<arg>${user_name}</arg>
<arg>${invalid_password}</arg>
<status status="FAIL" start="2024-05-03T21:21:10.003620" elapsed="1.523808">Element with locator 'id:username' not found.</status>
</kw>
<kw name="Wait until Element is located in the page">
<arg>${Error_Message_Login}</arg>
<status status="NOT RUN" start="2024-05-03T21:21:11.528842" elapsed="0.000000"/>
</kw>
<kw name="Verify error message is correct">
<status status="NOT RUN" start="2024-05-03T21:21:11.529423" elapsed="0.000000"/>
</kw>
<kw name="Close existing Browser session" owner="Generic" type="TEARDOWN">
<kw name="Close Browser" owner="SeleniumLibrary">
<doc>Closes the current browser.</doc>
<status status="PASS" start="2024-05-03T21:21:11.531423" elapsed="5.908435"/>
</kw>
<status status="PASS" start="2024-05-03T21:21:11.529925" elapsed="5.910434"/>
</kw>
<tag>SMOKE</tag>
<status status="FAIL" start="2024-05-03T21:21:00.418543" elapsed="17.021816">Element with locator 'id:username' not found.</status>
</test>
<doc>To validate login form</doc>
<status status="FAIL" start="2024-05-03T21:20:59.140625" elapsed="18.300773"/>
</suite>
<status status="FAIL" start="2024-05-03T21:20:59.128021" elapsed="18.314951"/>
</suite>
<status status="FAIL" start="2024-05-03T21:20:59.075749" elapsed="18.368222"/>
</suite>
<statistics>
<total>
<stat pass="0" fail="1" skip="0">All Tests</stat>
</total>
<tag>
<stat pass="0" fail="1" skip="0">SMOKE</stat>
</tag>
<suite>
<stat pass="0" fail="1" skip="0" id="s1" name="Tests">Tests</stat>
<stat pass="0" fail="1" skip="0" id="s1-s1" name="PracticeProjectUITest">Tests.PracticeProjectUITest</stat>
<stat pass="0" fail="1" skip="0" id="s1-s1-s1" name="testDemo3">Tests.PracticeProjectUITest.testDemo3</stat>
</suite>
</statistics>
<errors>
</errors>
</robot>
