<?xml version="1.0" encoding="UTF-8"?>
<robot generator="Robot 7.0 (Python 3.12.3 on win32)" generated="2024-04-29T11:48:06.613497" rpa="false" schemaversion="5">
<suite id="s1" name="Tests" source="D:\Python Automation Framework\PythonFramework\RobotFramework\tests">
<suite id="s1-s1" name="testDemo2" source="D:\Python Automation Framework\PythonFramework\RobotFramework\tests\testDemo2.robot">
<test id="s1-s1-t1" name="Validate Unsuccessful login" line="13">
<kw name="open the browser with login page url">
<kw name="Create Webdriver" owner="SeleniumLibrary">
<msg time="2024-04-29T11:48:07.134563" level="INFO">Creating an instance of the Chrome WebDriver.</msg>
<arg>Chrome</arg>
<doc>Creates an instance of Selenium WebDriver.</doc>
<status status="PASS" start="2024-04-29T11:48:07.133563" elapsed="4.275111"/>
</kw>
<kw name="Go To" owner="SeleniumLibrary">
<msg time="2024-04-29T11:48:11.409802" level="INFO">Opening url 'https://rahulshettyacademy.com/loginpagePractise/'</msg>
<arg>https://rahulshettyacademy.com/loginpagePractise/</arg>
<doc>Navigates the current browser window to the provided ``url``.</doc>
<status status="PASS" start="2024-04-29T11:48:11.409301" elapsed="3.046404"/>
</kw>
<status status="PASS" start="2024-04-29T11:48:07.132563" elapsed="7.323642"/>
</kw>
<kw name="fill the login form">
<kw name="Input Text" owner="SeleniumLibrary">
<msg time="2024-04-29T11:48:14.460848" level="INFO">Typing text 'rahulshettyacademy' into text field 'id:username'.</msg>
<arg>id:username</arg>
<arg>rahulshettyacademy</arg>
<doc>Types the given ``text`` into the text field identified by ``locator``.</doc>
<status status="PASS" start="2024-04-29T11:48:14.458562" elapsed="2.737767"/>
</kw>
<kw name="Input Password" owner="SeleniumLibrary">
<msg time="2024-04-29T11:48:17.198131" level="INFO">Typing password into text field 'id:password'.</msg>
<msg time="2024-04-29T11:48:17.335512" level="INFO">Temporally setting log level to: NONE</msg>
<arg>id:password</arg>
<arg>learning123</arg>
<doc>Types the given password into the text field identified by ``locator``.</doc>
<status status="PASS" start="2024-04-29T11:48:17.196829" elapsed="1.185932"/>
</kw>
<kw name="Click Button" owner="SeleniumLibrary">
<msg time="2024-04-29T11:48:18.385401" level="INFO">Clicking button 'id:signInBtn'.</msg>
<arg>id:signInBtn</arg>
<doc>Clicks the button identified by ``locator``.</doc>
<status status="PASS" start="2024-04-29T11:48:18.383269" elapsed="0.683766"/>
</kw>
<status status="PASS" start="2024-04-29T11:48:14.457092" elapsed="4.609943"/>
</kw>
<kw name="wait until it checks and display error message">
<kw name="Wait Until Element Is Visible" owner="SeleniumLibrary">
<arg>${Error_Message_Login}</arg>
<doc>Waits until the element ``locator`` is visible.</doc>
<status status="PASS" start="2024-04-29T11:48:19.068536" elapsed="2.096905"/>
</kw>
<status status="PASS" start="2024-04-29T11:48:19.067540" elapsed="2.098397"/>
</kw>
<kw name="verify error message is correct">
<kw name="Get Text" owner="SeleniumLibrary">
<msg time="2024-04-29T11:48:21.228238" level="INFO">${result} = Incorrect username/password.</msg>
<var>${result}</var>
<arg>${Error_Message_Login}</arg>
<doc>Returns the text value of the element identified by ``locator``.</doc>
<status status="PASS" start="2024-04-29T11:48:21.171498" elapsed="0.056740"/>
</kw>
<kw name="Should Be Equal As Strings" owner="BuiltIn">
<arg>${result}</arg>
<arg>Incorrect username/password.</arg>
<doc>Fails if objects are unequal after converting them to strings.</doc>
<status status="PASS" start="2024-04-29T11:48:21.228737" elapsed="0.000500"/>
</kw>
<kw name="Element Text Should Be" owner="SeleniumLibrary">
<msg time="2024-04-29T11:48:21.230239" level="INFO">Verifying element 'css:.alert-danger' contains exact text 'Incorrect username/password.'.</msg>
<arg>${Error_Message_Login}</arg>
<arg>Incorrect username/password.</arg>
<doc>Verifies that element ``locator`` contains exact the text ``expected``.</doc>
<status status="PASS" start="2024-04-29T11:48:21.229740" elapsed="0.050143"/>
</kw>
<status status="PASS" start="2024-04-29T11:48:21.166438" elapsed="0.113445"/>
</kw>
<kw name="Close Browser" owner="SeleniumLibrary" type="TEARDOWN">
<doc>Closes the current browser.</doc>
<status status="PASS" start="2024-04-29T11:48:21.280706" elapsed="3.156141"/>
</kw>
<tag>SMOKE</tag>
<status status="PASS" start="2024-04-29T11:48:07.131563" elapsed="17.305284"/>
</test>
<doc>To validate login form</doc>
<status status="PASS" start="2024-04-29T11:48:06.726334" elapsed="17.711477"/>
</suite>
<status status="PASS" start="2024-04-29T11:48:06.702802" elapsed="17.736509"/>
</suite>
<statistics>
<total>
<stat pass="1" fail="0" skip="0">All Tests</stat>
</total>
<tag>
<stat pass="1" fail="0" skip="0">SMOKE</stat>
</tag>
<suite>
<stat pass="1" fail="0" skip="0" id="s1" name="Tests">Tests</stat>
<stat pass="1" fail="0" skip="0" id="s1-s1" name="testDemo2">Tests.testDemo2</stat>
</suite>
</statistics>
<errors>
</errors>
</robot>
